{"contracts/DarwinVault.sol":{"l":{"61":0,"62":0,"78":0,"88":0,"89":0,"90":0,"91":0,"100":0,"101":0,"108":0,"109":0,"110":0,"111":0,"123":0,"124":0,"125":0,"126":0,"127":0,"128":0,"135":0,"136":0,"137":0,"138":0,"156":0,"157":0,"158":0,"160":0,"161":0,"162":0,"174":0,"175":0,"176":0,"178":0,"179":0,"180":0,"181":0,"194":0,"196":0,"197":0,"198":0,"199":0,"211":0,"212":0,"213":0,"214":0,"221":0,"222":0,"223":0,"224":0,"225":0,"226":0,"236":0,"237":0,"238":0,"239":0,"240":0,"242":0,"243":0,"244":0,"254":0,"259":0},"path":"/opt/murphy/darwinfi/contracts/DarwinVault.sol","s":{"1":0,"2":0,"3":0,"4":0,"5":0,"6":0,"7":0,"8":0,"9":0,"10":0,"11":0,"12":0,"13":0,"14":0,"15":0,"16":0,"17":0,"18":0,"19":0,"20":0,"21":0,"22":0,"23":0,"24":0,"25":0,"26":0,"27":0,"28":0,"29":0,"30":0,"31":0,"32":0,"33":0,"34":0,"35":0,"36":0,"37":0,"38":0,"39":0,"40":0,"41":0,"42":0,"43":0,"44":0,"45":0,"46":0,"47":0,"48":0,"49":0,"50":0,"51":0,"52":0,"53":0},"b":{"1":[0,0],"2":[0,0],"3":[0,0],"4":[0,0],"5":[0,0],"6":[0,0],"7":[0,0],"8":[0,0],"9":[0,0],"10":[0,0],"11":[0,0],"12":[0,0],"13":[0,0],"14":[0,0],"15":[0,0],"16":[0,0],"17":[0,0],"18":[0,0],"19":[0,0],"20":[0,0],"21":[0,0],"22":[0,0],"23":[0,0],"24":[0,0],"25":[0,0],"26":[0,0],"27":[0,0],"28":[0,0],"29":[0,0],"30":[0,0],"31":[0,0],"32":[0,0],"33":[0,0],"34":[0,0],"35":[0,0],"36":[0,0],"37":[0,0],"38":[0,0],"39":[0,0],"40":[0,0],"41":[0,0]},"f":{"1":0,"2":0,"3":0,"4":0,"5":0,"6":0,"7":0,"8":0,"9":0,"10":0,"11":0,"12":0,"13":0,"14":0,"15":0},"fnMap":{"1":{"name":"onlyExecutor","line":60,"loc":{"start":{"line":60,"column":4},"end":{"line":63,"column":4}}},"2":{"name":"constructor","line":70,"loc":{"start":{"line":70,"column":4},"end":{"line":70,"column":49}}},"3":{"name":"setStrategyExecutor","line":87,"loc":{"start":{"line":87,"column":4},"end":{"line":92,"column":4}}},"4":{"name":"depositETH","line":99,"loc":{"start":{"line":99,"column":4},"end":{"line":102,"column":4}}},"5":{"name":"depositToken","line":107,"loc":{"start":{"line":107,"column":4},"end":{"line":112,"column":4}}},"6":{"name":"allocateTokenBudget","line":122,"loc":{"start":{"line":122,"column":4},"end":{"line":129,"column":4}}},"7":{"name":"allocateEthBudget","line":134,"loc":{"start":{"line":134,"column":4},"end":{"line":139,"column":4}}},"8":{"name":"spendToken","line":155,"loc":{"start":{"line":150,"column":4},"end":{"line":163,"column":4}}},"9":{"name":"spendETH","line":173,"loc":{"start":{"line":169,"column":4},"end":{"line":182,"column":4}}},"10":{"name":"returnProceeds","line":193,"loc":{"start":{"line":193,"column":4},"end":{"line":200,"column":4}}},"11":{"name":"withdrawToken","line":210,"loc":{"start":{"line":210,"column":4},"end":{"line":215,"column":4}}},"12":{"name":"withdrawETH","line":220,"loc":{"start":{"line":220,"column":4},"end":{"line":227,"column":4}}},"13":{"name":"emergencyWithdraw","line":235,"loc":{"start":{"line":235,"column":4},"end":{"line":246,"column":4}}},"14":{"name":"tokenBalance","line":253,"loc":{"start":{"line":253,"column":4},"end":{"line":255,"column":4}}},"15":{"name":"ethBalance","line":258,"loc":{"start":{"line":258,"column":4},"end":{"line":260,"column":4}}}},"statementMap":{"1":{"start":{"line":61,"column":8},"end":{"line":61,"column":65}},"2":{"start":{"line":88,"column":8},"end":{"line":88,"column":57}},"3":{"start":{"line":89,"column":8},"end":{"line":89,"column":38}},"4":{"start":{"line":91,"column":8},"end":{"line":91,"column":52}},"5":{"start":{"line":100,"column":8},"end":{"line":100,"column":47}},"6":{"start":{"line":101,"column":8},"end":{"line":101,"column":59}},"7":{"start":{"line":108,"column":8},"end":{"line":108,"column":53}},"8":{"start":{"line":109,"column":8},"end":{"line":109,"column":44}},"9":{"start":{"line":110,"column":8},"end":{"line":110,"column":72}},"10":{"start":{"line":111,"column":8},"end":{"line":111,"column":49}},"11":{"start":{"line":123,"column":8},"end":{"line":123,"column":53}},"12":{"start":{"line":124,"column":8},"end":{"line":124,"column":44}},"13":{"start":{"line":125,"column":8},"end":{"line":125,"column":64}},"14":{"start":{"line":126,"column":8},"end":{"line":126,"column":80}},"15":{"start":{"line":128,"column":8},"end":{"line":128,"column":55}},"16":{"start":{"line":135,"column":8},"end":{"line":135,"column":44}},"17":{"start":{"line":136,"column":8},"end":{"line":136,"column":115}},"18":{"start":{"line":138,"column":8},"end":{"line":138,"column":62}},"19":{"start":{"line":156,"column":8},"end":{"line":156,"column":44}},"20":{"start":{"line":157,"column":8},"end":{"line":157,"column":58}},"21":{"start":{"line":158,"column":8},"end":{"line":158,"column":89}},"22":{"start":{"line":161,"column":8},"end":{"line":161,"column":52}},"23":{"start":{"line":162,"column":8},"end":{"line":162,"column":62}},"24":{"start":{"line":174,"column":8},"end":{"line":174,"column":44}},"25":{"start":{"line":175,"column":8},"end":{"line":175,"column":54}},"26":{"start":{"line":176,"column":8},"end":{"line":176,"column":96}},"27":{"start":{"line":179,"column":8},"end":{"line":179,"column":59}},"28":{"start":{"line":180,"column":8},"end":{"line":180,"column":45}},"29":{"start":{"line":181,"column":8},"end":{"line":181,"column":69}},"30":{"start":{"line":194,"column":8},"end":{"line":194,"column":44}},"31":{"start":{"line":196,"column":8},"end":{"line":196,"column":72}},"32":{"start":{"line":198,"column":8},"end":{"line":198,"column":49}},"33":{"start":{"line":199,"column":8},"end":{"line":199,"column":55}},"34":{"start":{"line":211,"column":8},"end":{"line":211,"column":50}},"35":{"start":{"line":212,"column":8},"end":{"line":212,"column":44}},"36":{"start":{"line":213,"column":8},"end":{"line":213,"column":45}},"37":{"start":{"line":214,"column":8},"end":{"line":214,"column":41}},"38":{"start":{"line":221,"column":8},"end":{"line":221,"column":50}},"39":{"start":{"line":222,"column":8},"end":{"line":222,"column":44}},"40":{"start":{"line":223,"column":8},"end":{"line":223,"column":115}},"41":{"start":{"line":224,"column":8},"end":{"line":224,"column":52}},"42":{"start":{"line":225,"column":8},"end":{"line":225,"column":45}},"43":{"start":{"line":226,"column":8},"end":{"line":226,"column":48}},"44":{"start":{"line":236,"column":8},"end":{"line":236,"column":11057}},"45":{"start":{"line":237,"column":12},"end":{"line":237,"column":47}},"46":{"start":{"line":238,"column":12},"end":{"line":238,"column":67}},"47":{"start":{"line":239,"column":12},"end":{"line":239,"column":49}},"48":{"start":{"line":240,"column":12},"end":{"line":240,"column":53}},"49":{"start":{"line":242,"column":12},"end":{"line":242,"column":64}},"50":{"start":{"line":243,"column":12},"end":{"line":243,"column":51}},"51":{"start":{"line":244,"column":12},"end":{"line":244,"column":46}},"52":{"start":{"line":254,"column":8},"end":{"line":254,"column":53}},"53":{"start":{"line":259,"column":8},"end":{"line":259,"column":36}}},"branchMap":{"1":{"line":61,"type":"if","locations":[{"start":{"line":61,"column":8},"end":{"line":61,"column":8}},{"start":{"line":61,"column":8},"end":{"line":61,"column":8}}]},"2":{"line":87,"type":"if","locations":[{"start":{"line":87,"column":61},"end":{"line":87,"column":61}},{"start":{"line":87,"column":61},"end":{"line":87,"column":61}}]},"3":{"line":88,"type":"if","locations":[{"start":{"line":88,"column":8},"end":{"line":88,"column":8}},{"start":{"line":88,"column":8},"end":{"line":88,"column":8}}]},"4":{"line":99,"type":"if","locations":[{"start":{"line":99,"column":43},"end":{"line":99,"column":43}},{"start":{"line":99,"column":43},"end":{"line":99,"column":43}}]},"5":{"line":100,"type":"if","locations":[{"start":{"line":100,"column":8},"end":{"line":100,"column":8}},{"start":{"line":100,"column":8},"end":{"line":100,"column":8}}]},"6":{"line":107,"type":"if","locations":[{"start":{"line":107,"column":66},"end":{"line":107,"column":66}},{"start":{"line":107,"column":66},"end":{"line":107,"column":66}}]},"7":{"line":107,"type":"if","locations":[{"start":{"line":107,"column":76},"end":{"line":107,"column":76}},{"start":{"line":107,"column":76},"end":{"line":107,"column":76}}]},"8":{"line":108,"type":"if","locations":[{"start":{"line":108,"column":8},"end":{"line":108,"column":8}},{"start":{"line":108,"column":8},"end":{"line":108,"column":8}}]},"9":{"line":109,"type":"if","locations":[{"start":{"line":109,"column":8},"end":{"line":109,"column":8}},{"start":{"line":109,"column":8},"end":{"line":109,"column":8}}]},"10":{"line":122,"type":"if","locations":[{"start":{"line":122,"column":93},"end":{"line":122,"column":93}},{"start":{"line":122,"column":93},"end":{"line":122,"column":93}}]},"11":{"line":123,"type":"if","locations":[{"start":{"line":123,"column":8},"end":{"line":123,"column":8}},{"start":{"line":123,"column":8},"end":{"line":123,"column":8}}]},"12":{"line":124,"type":"if","locations":[{"start":{"line":124,"column":8},"end":{"line":124,"column":8}},{"start":{"line":124,"column":8},"end":{"line":124,"column":8}}]},"13":{"line":126,"type":"if","locations":[{"start":{"line":126,"column":8},"end":{"line":126,"column":8}},{"start":{"line":126,"column":8},"end":{"line":126,"column":8}}]},"14":{"line":134,"type":"if","locations":[{"start":{"line":134,"column":76},"end":{"line":134,"column":76}},{"start":{"line":134,"column":76},"end":{"line":134,"column":76}}]},"15":{"line":135,"type":"if","locations":[{"start":{"line":135,"column":8},"end":{"line":135,"column":8}},{"start":{"line":135,"column":8},"end":{"line":135,"column":8}}]},"16":{"line":136,"type":"if","locations":[{"start":{"line":136,"column":8},"end":{"line":136,"column":8}},{"start":{"line":136,"column":8},"end":{"line":136,"column":8}}]},"17":{"line":155,"type":"if","locations":[{"start":{"line":155,"column":15},"end":{"line":155,"column":15}},{"start":{"line":155,"column":15},"end":{"line":155,"column":15}}]},"18":{"line":155,"type":"if","locations":[{"start":{"line":155,"column":28},"end":{"line":155,"column":28}},{"start":{"line":155,"column":28},"end":{"line":155,"column":28}}]},"19":{"line":156,"type":"if","locations":[{"start":{"line":156,"column":8},"end":{"line":156,"column":8}},{"start":{"line":156,"column":8},"end":{"line":156,"column":8}}]},"20":{"line":158,"type":"if","locations":[{"start":{"line":158,"column":8},"end":{"line":158,"column":8}},{"start":{"line":158,"column":8},"end":{"line":158,"column":8}}]},"21":{"line":173,"type":"if","locations":[{"start":{"line":173,"column":15},"end":{"line":173,"column":15}},{"start":{"line":173,"column":15},"end":{"line":173,"column":15}}]},"22":{"line":173,"type":"if","locations":[{"start":{"line":173,"column":28},"end":{"line":173,"column":28}},{"start":{"line":173,"column":28},"end":{"line":173,"column":28}}]},"23":{"line":174,"type":"if","locations":[{"start":{"line":174,"column":8},"end":{"line":174,"column":8}},{"start":{"line":174,"column":8},"end":{"line":174,"column":8}}]},"24":{"line":176,"type":"if","locations":[{"start":{"line":176,"column":8},"end":{"line":176,"column":8}},{"start":{"line":176,"column":8},"end":{"line":176,"column":8}}]},"25":{"line":180,"type":"if","locations":[{"start":{"line":180,"column":8},"end":{"line":180,"column":8}},{"start":{"line":180,"column":8},"end":{"line":180,"column":8}}]},"26":{"line":193,"type":"if","locations":[{"start":{"line":193,"column":88},"end":{"line":193,"column":88}},{"start":{"line":193,"column":88},"end":{"line":193,"column":88}}]},"27":{"line":194,"type":"if","locations":[{"start":{"line":194,"column":8},"end":{"line":194,"column":8}},{"start":{"line":194,"column":8},"end":{"line":194,"column":8}}]},"28":{"line":210,"type":"if","locations":[{"start":{"line":210,"column":79},"end":{"line":210,"column":79}},{"start":{"line":210,"column":79},"end":{"line":210,"column":79}}]},"29":{"line":210,"type":"if","locations":[{"start":{"line":210,"column":89},"end":{"line":210,"column":89}},{"start":{"line":210,"column":89},"end":{"line":210,"column":89}}]},"30":{"line":211,"type":"if","locations":[{"start":{"line":211,"column":8},"end":{"line":211,"column":8}},{"start":{"line":211,"column":8},"end":{"line":211,"column":8}}]},"31":{"line":212,"type":"if","locations":[{"start":{"line":212,"column":8},"end":{"line":212,"column":8}},{"start":{"line":212,"column":8},"end":{"line":212,"column":8}}]},"32":{"line":220,"type":"if","locations":[{"start":{"line":220,"column":70},"end":{"line":220,"column":70}},{"start":{"line":220,"column":70},"end":{"line":220,"column":70}}]},"33":{"line":220,"type":"if","locations":[{"start":{"line":220,"column":80},"end":{"line":220,"column":80}},{"start":{"line":220,"column":80},"end":{"line":220,"column":80}}]},"34":{"line":221,"type":"if","locations":[{"start":{"line":221,"column":8},"end":{"line":221,"column":8}},{"start":{"line":221,"column":8},"end":{"line":221,"column":8}}]},"35":{"line":222,"type":"if","locations":[{"start":{"line":222,"column":8},"end":{"line":222,"column":8}},{"start":{"line":222,"column":8},"end":{"line":222,"column":8}}]},"36":{"line":223,"type":"if","locations":[{"start":{"line":223,"column":8},"end":{"line":223,"column":8}},{"start":{"line":223,"column":8},"end":{"line":223,"column":8}}]},"37":{"line":225,"type":"if","locations":[{"start":{"line":225,"column":8},"end":{"line":225,"column":8}},{"start":{"line":225,"column":8},"end":{"line":225,"column":8}}]},"38":{"line":235,"type":"if","locations":[{"start":{"line":235,"column":55},"end":{"line":235,"column":55}},{"start":{"line":235,"column":55},"end":{"line":235,"column":55}}]},"39":{"line":235,"type":"if","locations":[{"start":{"line":235,"column":65},"end":{"line":235,"column":65}},{"start":{"line":235,"column":65},"end":{"line":235,"column":65}}]},"40":{"line":236,"type":"if","locations":[{"start":{"line":236,"column":8},"end":{"line":236,"column":8}},{"start":{"line":236,"column":8},"end":{"line":236,"column":8}}]},"41":{"line":239,"type":"if","locations":[{"start":{"line":239,"column":12},"end":{"line":239,"column":12}},{"start":{"line":239,"column":12},"end":{"line":239,"column":12}}]}}},"contracts/DarwinVaultV2.sol":{"l":{"74":32,"75":31,"96":43,"97":43,"99":43,"100":43,"101":43,"102":43,"103":43,"112":550,"117":276,"118":276,"119":276,"120":275,"125":0,"126":0,"127":0,"128":0,"139":139,"140":139,"142":137,"143":137,"154":0,"155":0,"156":0,"158":0,"159":0,"164":3,"165":3,"166":1,"168":2,"173":108,"174":108,"175":1,"177":107,"187":0,"188":0,"198":106,"199":104,"209":17,"210":17,"211":17,"213":16,"214":16,"216":16,"222":14,"225":14,"228":14,"229":10,"230":10,"233":10,"234":9,"237":4,"240":14,"250":3,"251":3,"253":3,"256":3,"257":3,"258":2,"261":3,"262":3,"265":3,"266":3,"275":2,"276":1,"277":1,"278":1,"283":0,"284":0,"285":0,"286":0,"291":0,"292":0,"297":3,"298":3,"299":3,"304":0,"305":0,"306":0,"311":3,"316":0,"325":4,"326":4,"327":2,"332":2,"340":106,"341":106,"342":2,"347":9,"350":9,"351":9,"352":9,"354":9,"355":8,"357":9,"359":0,"362":9,"364":9,"365":9,"368":9,"369":9,"370":9,"371":9},"path":"/opt/murphy/darwinfi/contracts/DarwinVaultV2.sol","s":{"1":32,"2":43,"3":43,"4":550,"5":276,"6":0,"7":276,"8":276,"9":1,"10":275,"11":0,"12":0,"13":0,"14":0,"15":0,"16":0,"17":139,"18":139,"19":137,"20":0,"21":0,"22":0,"23":0,"24":3,"25":3,"26":1,"27":2,"28":108,"29":108,"30":1,"31":107,"32":0,"33":0,"34":106,"35":104,"36":17,"37":17,"38":17,"39":16,"40":16,"41":14,"42":14,"43":14,"44":10,"45":10,"46":9,"47":14,"48":3,"49":3,"50":3,"51":3,"52":3,"53":3,"54":3,"55":3,"56":3,"57":2,"58":1,"59":1,"60":0,"61":0,"62":0,"63":0,"64":3,"65":3,"66":0,"67":0,"68":3,"69":0,"70":4,"71":4,"72":2,"73":2,"74":2,"75":106,"76":106,"77":9,"78":9,"79":9,"80":9,"81":0,"82":9,"83":0,"84":9,"85":9,"86":0,"87":9,"88":9,"89":9,"90":9},"b":{"1":[1,31],"2":[0,43],"3":[0,43],"4":[0,276],"5":[1,275],"6":[0,0],"7":[0,0],"8":[140,0],"9":[139,1],"10":[2,137],"11":[0,0],"12":[0,0],"13":[0,0],"14":[1,2],"15":[1,107],"16":[0,0],"17":[106,0],"18":[17,1],"19":[17,0],"20":[0,17],"21":[1,16],"22":[14,0],"23":[14,0],"24":[0,14],"25":[10,4],"26":[9,1],"27":[3,0],"28":[0,3],"29":[2,1],"30":[2,1],"31":[1,1],"32":[0,0],"33":[0,0],"34":[0,0],"35":[0,0],"36":[3,1],"37":[0,0],"38":[3,1],"39":[0,0],"40":[2,2],"41":[2,104],"42":[9,0],"43":[8,1],"44":[0,9],"45":[0,9],"46":[9,0]},"f":{"1":32,"2":43,"3":550,"4":276,"5":0,"6":139,"7":0,"8":3,"9":108,"10":0,"11":106,"12":17,"13":14,"14":3,"15":2,"16":0,"17":0,"18":3,"19":0,"20":3,"21":0,"22":4,"23":2,"24":106,"25":9},"fnMap":{"1":{"name":"onlyAgent","line":73,"loc":{"start":{"line":73,"column":4},"end":{"line":76,"column":4}}},"2":{"name":"constructor","line":94,"loc":{"start":{"line":86,"column":4},"end":{"line":104,"column":4}}},"3":{"name":"totalAssets","line":111,"loc":{"start":{"line":111,"column":4},"end":{"line":113,"column":4}}},"4":{"name":"maxDeposit","line":116,"loc":{"start":{"line":116,"column":4},"end":{"line":121,"column":4}}},"5":{"name":"maxMint","line":124,"loc":{"start":{"line":124,"column":4},"end":{"line":129,"column":4}}},"6":{"name":"deposit","line":136,"loc":{"start":{"line":132,"column":4},"end":{"line":144,"column":4}}},"7":{"name":"mint","line":151,"loc":{"start":{"line":147,"column":4},"end":{"line":160,"column":4}}},"8":{"name":"maxWithdraw","line":163,"loc":{"start":{"line":163,"column":4},"end":{"line":169,"column":4}}},"9":{"name":"maxRedeem","line":172,"loc":{"start":{"line":172,"column":4},"end":{"line":178,"column":4}}},"10":{"name":"withdraw","line":184,"loc":{"start":{"line":181,"column":4},"end":{"line":189,"column":4}}},"11":{"name":"redeem","line":195,"loc":{"start":{"line":192,"column":4},"end":{"line":200,"column":4}}},"12":{"name":"agentBorrow","line":208,"loc":{"start":{"line":208,"column":4},"end":{"line":217,"column":4}}},"13":{"name":"agentReturn","line":221,"loc":{"start":{"line":221,"column":4},"end":{"line":241,"column":4}}},"14":{"name":"emergencyWithdraw","line":249,"loc":{"start":{"line":249,"column":4},"end":{"line":267,"column":4}}},"15":{"name":"setAgent","line":274,"loc":{"start":{"line":274,"column":4},"end":{"line":279,"column":4}}},"16":{"name":"setFeeRecipient","line":282,"loc":{"start":{"line":282,"column":4},"end":{"line":287,"column":4}}},"17":{"name":"setPerformanceFeeBps","line":290,"loc":{"start":{"line":290,"column":4},"end":{"line":293,"column":4}}},"18":{"name":"setMaxTotalAssets","line":296,"loc":{"start":{"line":296,"column":4},"end":{"line":300,"column":4}}},"19":{"name":"setMinLockTime","line":303,"loc":{"start":{"line":303,"column":4},"end":{"line":307,"column":4}}},"20":{"name":"pause","line":310,"loc":{"start":{"line":310,"column":4},"end":{"line":312,"column":4}}},"21":{"name":"unpause","line":315,"loc":{"start":{"line":315,"column":4},"end":{"line":317,"column":4}}},"22":{"name":"sharePrice","line":324,"loc":{"start":{"line":324,"column":4},"end":{"line":328,"column":4}}},"23":{"name":"availableAssets","line":331,"loc":{"start":{"line":331,"column":4},"end":{"line":333,"column":4}}},"24":{"name":"_enforceLockTime","line":339,"loc":{"start":{"line":339,"column":4},"end":{"line":344,"column":4}}},"25":{"name":"_collectPerformanceFee","line":346,"loc":{"start":{"line":346,"column":4},"end":{"line":373,"column":4}}}},"statementMap":{"1":{"start":{"line":74,"column":8},"end":{"line":74,"column":54}},"2":{"start":{"line":96,"column":8},"end":{"line":96,"column":54}},"3":{"start":{"line":97,"column":8},"end":{"line":97,"column":61}},"4":{"start":{"line":112,"column":8},"end":{"line":112,"column":71}},"5":{"start":{"line":117,"column":8},"end":{"line":117,"column":30}},"6":{"start":{"line":117,"column":22},"end":{"line":117,"column":30}},"7":{"start":{"line":118,"column":8},"end":{"line":118,"column":39}},"8":{"start":{"line":119,"column":8},"end":{"line":119,"column":47}},"9":{"start":{"line":119,"column":39},"end":{"line":119,"column":47}},"10":{"start":{"line":120,"column":8},"end":{"line":120,"column":39}},"11":{"start":{"line":125,"column":8},"end":{"line":125,"column":30}},"12":{"start":{"line":125,"column":22},"end":{"line":125,"column":30}},"13":{"start":{"line":126,"column":8},"end":{"line":126,"column":47}},"14":{"start":{"line":127,"column":8},"end":{"line":127,"column":33}},"15":{"start":{"line":127,"column":25},"end":{"line":127,"column":33}},"16":{"start":{"line":128,"column":8},"end":{"line":128,"column":38}},"17":{"start":{"line":139,"column":8},"end":{"line":139,"column":48}},"18":{"start":{"line":140,"column":8},"end":{"line":140,"column":75}},"19":{"start":{"line":143,"column":8},"end":{"line":143,"column":46}},"20":{"start":{"line":154,"column":8},"end":{"line":154,"column":44}},"21":{"start":{"line":155,"column":8},"end":{"line":155,"column":48}},"22":{"start":{"line":156,"column":8},"end":{"line":156,"column":75}},"23":{"start":{"line":159,"column":8},"end":{"line":159,"column":43}},"24":{"start":{"line":164,"column":8},"end":{"line":164,"column":50}},"25":{"start":{"line":165,"column":8},"end":{"line":165,"column":6363}},"26":{"start":{"line":166,"column":12},"end":{"line":166,"column":20}},"27":{"start":{"line":168,"column":8},"end":{"line":168,"column":40}},"28":{"start":{"line":173,"column":8},"end":{"line":173,"column":50}},"29":{"start":{"line":174,"column":8},"end":{"line":174,"column":6754}},"30":{"start":{"line":175,"column":12},"end":{"line":175,"column":20}},"31":{"start":{"line":177,"column":8},"end":{"line":177,"column":38}},"32":{"start":{"line":187,"column":8},"end":{"line":187,"column":31}},"33":{"start":{"line":188,"column":8},"end":{"line":188,"column":55}},"34":{"start":{"line":198,"column":8},"end":{"line":198,"column":31}},"35":{"start":{"line":199,"column":8},"end":{"line":199,"column":53}},"36":{"start":{"line":209,"column":8},"end":{"line":209,"column":44}},"37":{"start":{"line":210,"column":8},"end":{"line":210,"column":68}},"38":{"start":{"line":211,"column":8},"end":{"line":211,"column":82}},"39":{"start":{"line":214,"column":8},"end":{"line":214,"column":50}},"40":{"start":{"line":216,"column":8},"end":{"line":216,"column":49}},"41":{"start":{"line":222,"column":8},"end":{"line":222,"column":44}},"42":{"start":{"line":225,"column":8},"end":{"line":225,"column":69}},"43":{"start":{"line":228,"column":8},"end":{"line":228,"column":8680}},"44":{"start":{"line":229,"column":12},"end":{"line":229,"column":51}},"45":{"start":{"line":233,"column":12},"end":{"line":233,"column":8883}},"46":{"start":{"line":234,"column":16},"end":{"line":234,"column":45}},"47":{"start":{"line":240,"column":8},"end":{"line":240,"column":49}},"48":{"start":{"line":250,"column":8},"end":{"line":250,"column":46}},"49":{"start":{"line":251,"column":8},"end":{"line":251,"column":44}},"50":{"start":{"line":253,"column":8},"end":{"line":253,"column":48}},"51":{"start":{"line":256,"column":8},"end":{"line":256,"column":68}},"52":{"start":{"line":257,"column":8},"end":{"line":257,"column":9800}},"53":{"start":{"line":261,"column":8},"end":{"line":261,"column":32}},"54":{"start":{"line":262,"column":8},"end":{"line":262,"column":55}},"55":{"start":{"line":265,"column":8},"end":{"line":265,"column":73}},"56":{"start":{"line":266,"column":8},"end":{"line":266,"column":60}},"57":{"start":{"line":275,"column":8},"end":{"line":275,"column":54}},"58":{"start":{"line":276,"column":8},"end":{"line":276,"column":27}},"59":{"start":{"line":278,"column":8},"end":{"line":278,"column":38}},"60":{"start":{"line":283,"column":8},"end":{"line":283,"column":61}},"61":{"start":{"line":284,"column":8},"end":{"line":284,"column":34}},"62":{"start":{"line":286,"column":8},"end":{"line":286,"column":52}},"63":{"start":{"line":291,"column":8},"end":{"line":291,"column":44}},"64":{"start":{"line":297,"column":8},"end":{"line":297,"column":36}},"65":{"start":{"line":299,"column":8},"end":{"line":299,"column":45}},"66":{"start":{"line":304,"column":8},"end":{"line":304,"column":33}},"67":{"start":{"line":306,"column":8},"end":{"line":306,"column":47}},"68":{"start":{"line":311,"column":8},"end":{"line":311,"column":15}},"69":{"start":{"line":316,"column":8},"end":{"line":316,"column":17}},"70":{"start":{"line":325,"column":8},"end":{"line":325,"column":38}},"71":{"start":{"line":326,"column":8},"end":{"line":326,"column":35}},"72":{"start":{"line":326,"column":25},"end":{"line":326,"column":35}},"73":{"start":{"line":327,"column":8},"end":{"line":327,"column":45}},"74":{"start":{"line":332,"column":8},"end":{"line":332,"column":55}},"75":{"start":{"line":340,"column":8},"end":{"line":340,"column":50}},"76":{"start":{"line":341,"column":8},"end":{"line":341,"column":12756}},"77":{"start":{"line":347,"column":8},"end":{"line":347,"column":45}},"78":{"start":{"line":350,"column":8},"end":{"line":350,"column":29}},"79":{"start":{"line":351,"column":8},"end":{"line":351,"column":13115}},"80":{"start":{"line":354,"column":12},"end":{"line":354,"column":13295}},"81":{"start":{"line":359,"column":12},"end":{"line":359,"column":18}},"82":{"start":{"line":362,"column":8},"end":{"line":362,"column":38}},"83":{"start":{"line":362,"column":32},"end":{"line":362,"column":38}},"84":{"start":{"line":364,"column":8},"end":{"line":364,"column":71}},"85":{"start":{"line":365,"column":8},"end":{"line":365,"column":34}},"86":{"start":{"line":365,"column":28},"end":{"line":365,"column":34}},"87":{"start":{"line":368,"column":8},"end":{"line":368,"column":54}},"88":{"start":{"line":369,"column":8},"end":{"line":369,"column":13801}},"89":{"start":{"line":370,"column":12},"end":{"line":370,"column":41}},"90":{"start":{"line":371,"column":12},"end":{"line":371,"column":66}}},"branchMap":{"1":{"line":74,"type":"if","locations":[{"start":{"line":74,"column":8},"end":{"line":74,"column":8}},{"start":{"line":74,"column":8},"end":{"line":74,"column":8}}]},"2":{"line":96,"type":"if","locations":[{"start":{"line":96,"column":8},"end":{"line":96,"column":8}},{"start":{"line":96,"column":8},"end":{"line":96,"column":8}}]},"3":{"line":97,"type":"if","locations":[{"start":{"line":97,"column":8},"end":{"line":97,"column":8}},{"start":{"line":97,"column":8},"end":{"line":97,"column":8}}]},"4":{"line":117,"type":"if","locations":[{"start":{"line":117,"column":8},"end":{"line":117,"column":8}},{"start":{"line":117,"column":8},"end":{"line":117,"column":8}}]},"5":{"line":119,"type":"if","locations":[{"start":{"line":119,"column":8},"end":{"line":119,"column":8}},{"start":{"line":119,"column":8},"end":{"line":119,"column":8}}]},"6":{"line":125,"type":"if","locations":[{"start":{"line":125,"column":8},"end":{"line":125,"column":8}},{"start":{"line":125,"column":8},"end":{"line":125,"column":8}}]},"7":{"line":127,"type":"if","locations":[{"start":{"line":127,"column":8},"end":{"line":127,"column":8}},{"start":{"line":127,"column":8},"end":{"line":127,"column":8}}]},"8":{"line":135,"type":"if","locations":[{"start":{"line":135,"column":8},"end":{"line":135,"column":8}},{"start":{"line":135,"column":8},"end":{"line":135,"column":8}}]},"9":{"line":136,"type":"if","locations":[{"start":{"line":136,"column":8},"end":{"line":136,"column":8}},{"start":{"line":136,"column":8},"end":{"line":136,"column":8}}]},"10":{"line":140,"type":"if","locations":[{"start":{"line":140,"column":8},"end":{"line":140,"column":8}},{"start":{"line":140,"column":8},"end":{"line":140,"column":8}}]},"11":{"line":150,"type":"if","locations":[{"start":{"line":150,"column":8},"end":{"line":150,"column":8}},{"start":{"line":150,"column":8},"end":{"line":150,"column":8}}]},"12":{"line":151,"type":"if","locations":[{"start":{"line":151,"column":8},"end":{"line":151,"column":8}},{"start":{"line":151,"column":8},"end":{"line":151,"column":8}}]},"13":{"line":156,"type":"if","locations":[{"start":{"line":156,"column":8},"end":{"line":156,"column":8}},{"start":{"line":156,"column":8},"end":{"line":156,"column":8}}]},"14":{"line":165,"type":"if","locations":[{"start":{"line":165,"column":8},"end":{"line":165,"column":8}},{"start":{"line":165,"column":8},"end":{"line":165,"column":8}}]},"15":{"line":174,"type":"if","locations":[{"start":{"line":174,"column":8},"end":{"line":174,"column":8}},{"start":{"line":174,"column":8},"end":{"line":174,"column":8}}]},"16":{"line":184,"type":"if","locations":[{"start":{"line":184,"column":8},"end":{"line":184,"column":8}},{"start":{"line":184,"column":8},"end":{"line":184,"column":8}}]},"17":{"line":195,"type":"if","locations":[{"start":{"line":195,"column":8},"end":{"line":195,"column":8}},{"start":{"line":195,"column":8},"end":{"line":195,"column":8}}]},"18":{"line":208,"type":"if","locations":[{"start":{"line":208,"column":50},"end":{"line":208,"column":50}},{"start":{"line":208,"column":50},"end":{"line":208,"column":50}}]},"19":{"line":208,"type":"if","locations":[{"start":{"line":208,"column":60},"end":{"line":208,"column":60}},{"start":{"line":208,"column":60},"end":{"line":208,"column":60}}]},"20":{"line":209,"type":"if","locations":[{"start":{"line":209,"column":8},"end":{"line":209,"column":8}},{"start":{"line":209,"column":8},"end":{"line":209,"column":8}}]},"21":{"line":211,"type":"if","locations":[{"start":{"line":211,"column":8},"end":{"line":211,"column":8}},{"start":{"line":211,"column":8},"end":{"line":211,"column":8}}]},"22":{"line":221,"type":"if","locations":[{"start":{"line":221,"column":50},"end":{"line":221,"column":50}},{"start":{"line":221,"column":50},"end":{"line":221,"column":50}}]},"23":{"line":221,"type":"if","locations":[{"start":{"line":221,"column":60},"end":{"line":221,"column":60}},{"start":{"line":221,"column":60},"end":{"line":221,"column":60}}]},"24":{"line":222,"type":"if","locations":[{"start":{"line":222,"column":8},"end":{"line":222,"column":8}},{"start":{"line":222,"column":8},"end":{"line":222,"column":8}}]},"25":{"line":228,"type":"if","locations":[{"start":{"line":228,"column":8},"end":{"line":228,"column":8}},{"start":{"line":228,"column":8},"end":{"line":228,"column":8}}]},"26":{"line":233,"type":"if","locations":[{"start":{"line":233,"column":12},"end":{"line":233,"column":12}},{"start":{"line":233,"column":12},"end":{"line":233,"column":12}}]},"27":{"line":249,"type":"if","locations":[{"start":{"line":249,"column":42},"end":{"line":249,"column":42}},{"start":{"line":249,"column":42},"end":{"line":249,"column":42}}]},"28":{"line":251,"type":"if","locations":[{"start":{"line":251,"column":8},"end":{"line":251,"column":8}},{"start":{"line":251,"column":8},"end":{"line":251,"column":8}}]},"29":{"line":257,"type":"if","locations":[{"start":{"line":257,"column":8},"end":{"line":257,"column":8}},{"start":{"line":257,"column":8},"end":{"line":257,"column":8}}]},"30":{"line":274,"type":"if","locations":[{"start":{"line":274,"column":47},"end":{"line":274,"column":47}},{"start":{"line":274,"column":47},"end":{"line":274,"column":47}}]},"31":{"line":275,"type":"if","locations":[{"start":{"line":275,"column":8},"end":{"line":275,"column":8}},{"start":{"line":275,"column":8},"end":{"line":275,"column":8}}]},"32":{"line":282,"type":"if","locations":[{"start":{"line":282,"column":61},"end":{"line":282,"column":61}},{"start":{"line":282,"column":61},"end":{"line":282,"column":61}}]},"33":{"line":283,"type":"if","locations":[{"start":{"line":283,"column":8},"end":{"line":283,"column":8}},{"start":{"line":283,"column":8},"end":{"line":283,"column":8}}]},"34":{"line":290,"type":"if","locations":[{"start":{"line":290,"column":57},"end":{"line":290,"column":57}},{"start":{"line":290,"column":57},"end":{"line":290,"column":57}}]},"35":{"line":291,"type":"if","locations":[{"start":{"line":291,"column":8},"end":{"line":291,"column":8}},{"start":{"line":291,"column":8},"end":{"line":291,"column":8}}]},"36":{"line":296,"type":"if","locations":[{"start":{"line":296,"column":54},"end":{"line":296,"column":54}},{"start":{"line":296,"column":54},"end":{"line":296,"column":54}}]},"37":{"line":303,"type":"if","locations":[{"start":{"line":303,"column":56},"end":{"line":303,"column":56}},{"start":{"line":303,"column":56},"end":{"line":303,"column":56}}]},"38":{"line":310,"type":"if","locations":[{"start":{"line":310,"column":30},"end":{"line":310,"column":30}},{"start":{"line":310,"column":30},"end":{"line":310,"column":30}}]},"39":{"line":315,"type":"if","locations":[{"start":{"line":315,"column":32},"end":{"line":315,"column":32}},{"start":{"line":315,"column":32},"end":{"line":315,"column":32}}]},"40":{"line":326,"type":"if","locations":[{"start":{"line":326,"column":8},"end":{"line":326,"column":8}},{"start":{"line":326,"column":8},"end":{"line":326,"column":8}}]},"41":{"line":341,"type":"if","locations":[{"start":{"line":341,"column":8},"end":{"line":341,"column":8}},{"start":{"line":341,"column":8},"end":{"line":341,"column":8}}]},"42":{"line":351,"type":"if","locations":[{"start":{"line":351,"column":8},"end":{"line":351,"column":8}},{"start":{"line":351,"column":8},"end":{"line":351,"column":8}}]},"43":{"line":354,"type":"if","locations":[{"start":{"line":354,"column":12},"end":{"line":354,"column":12}},{"start":{"line":354,"column":12},"end":{"line":354,"column":12}}]},"44":{"line":362,"type":"if","locations":[{"start":{"line":362,"column":8},"end":{"line":362,"column":8}},{"start":{"line":362,"column":8},"end":{"line":362,"column":8}}]},"45":{"line":365,"type":"if","locations":[{"start":{"line":365,"column":8},"end":{"line":365,"column":8}},{"start":{"line":365,"column":8},"end":{"line":365,"column":8}}]},"46":{"line":369,"type":"if","locations":[{"start":{"line":369,"column":8},"end":{"line":369,"column":8}},{"start":{"line":369,"column":8},"end":{"line":369,"column":8}}]}}},"contracts/DarwinVaultV3.sol":{"l":{"83":25,"84":24,"105":1,"106":1,"108":1,"109":1,"110":1,"111":1,"112":1,"113":1,"122":164,"127":67,"128":67,"129":67,"130":67,"135":1,"136":1,"137":1,"138":1,"149":33,"150":33,"152":32,"153":32,"164":1,"165":1,"166":1,"168":1,"169":1,"174":2,"175":2,"176":1,"178":1,"183":5,"184":5,"185":1,"187":4,"197":0,"198":0,"208":3,"209":2,"219":13,"220":12,"221":12,"223":11,"224":11,"226":11,"232":11,"235":10,"238":10,"241":10,"242":7,"243":7,"246":7,"247":5,"250":3,"253":10,"262":8,"267":5,"269":4,"270":4,"271":4,"272":4,"282":3,"283":3,"285":2,"288":2,"289":2,"290":1,"293":2,"294":2,"297":2,"298":2,"307":2,"308":1,"309":1,"310":1,"315":1,"316":0,"317":0,"318":0,"323":0,"324":0,"329":0,"330":0,"331":0,"336":0,"337":0,"338":0,"343":3,"348":0,"357":2,"358":2,"359":1,"364":0,"372":3,"373":3,"374":1,"379":5,"382":5,"383":5,"384":5,"386":5,"387":5,"389":5,"391":0,"394":5,"396":5,"397":5,"400":5,"401":5,"402":5,"403":5,"408":22,"409":0,"410":0,"413":22,"414":22,"416":22,"417":22,"418":4,"419":4,"422":18,"423":18,"425":18,"427":16,"428":16,"431":16,"432":16,"433":16,"434":16},"path":"/opt/murphy/darwinfi/contracts/DarwinVaultV3.sol","s":{"1":25,"2":1,"3":1,"4":164,"5":67,"6":0,"7":67,"8":67,"9":0,"10":67,"11":1,"12":0,"13":1,"14":1,"15":0,"16":1,"17":33,"18":33,"19":32,"20":1,"21":1,"22":1,"23":1,"24":2,"25":2,"26":1,"27":1,"28":5,"29":5,"30":1,"31":4,"32":0,"33":0,"34":3,"35":2,"36":13,"37":12,"38":12,"39":11,"40":11,"41":11,"42":10,"43":10,"44":10,"45":7,"46":7,"47":5,"48":10,"49":8,"50":5,"51":4,"52":4,"53":4,"54":3,"55":3,"56":2,"57":2,"58":2,"59":2,"60":2,"61":2,"62":2,"63":2,"64":1,"65":1,"66":1,"67":0,"68":0,"69":0,"70":0,"71":0,"72":0,"73":0,"74":3,"75":0,"76":2,"77":2,"78":1,"79":1,"80":0,"81":3,"82":3,"83":5,"84":5,"85":5,"86":5,"87":0,"88":5,"89":0,"90":5,"91":5,"92":0,"93":5,"94":5,"95":5,"96":5,"97":22,"98":0,"99":22,"100":22,"101":0,"102":22,"103":22,"104":4,"105":18,"106":18,"107":2,"108":16,"109":16,"110":0,"111":16,"112":16,"113":16,"114":16},"b":{"1":[1,24],"2":[0,1],"3":[0,1],"4":[0,67],"5":[0,67],"6":[0,1],"7":[0,1],"8":[34,0],"9":[33,1],"10":[1,32],"11":[1,0],"12":[1,0],"13":[0,1],"14":[1,1],"15":[1,4],"16":[0,0],"17":[3,0],"18":[13,1],"19":[13,0],"20":[1,12],"21":[1,11],"22":[11,0],"23":[11,0],"24":[1,10],"25":[7,3],"26":[5,2],"27":[5,1],"28":[4,1],"29":[3,0],"30":[1,2],"31":[1,1],"32":[2,1],"33":[1,1],"34":[1,0],"35":[1,0],"36":[0,0],"37":[0,0],"38":[0,1],"39":[0,0],"40":[3,1],"41":[0,0],"42":[1,1],"43":[1,2],"44":[5,0],"45":[5,0],"46":[0,5],"47":[0,5],"48":[5,0],"49":[0,22],"50":[0,22],"51":[4,18],"52":[2,16],"53":[0,16],"54":[16,0]},"f":{"1":25,"2":1,"3":164,"4":67,"5":1,"6":33,"7":1,"8":2,"9":5,"10":0,"11":3,"12":13,"13":11,"14":8,"15":5,"16":3,"17":2,"18":1,"19":0,"20":0,"21":0,"22":3,"23":0,"24":2,"25":0,"26":3,"27":5,"28":22},"fnMap":{"1":{"name":"onlyAgent","line":82,"loc":{"start":{"line":82,"column":4},"end":{"line":85,"column":4}}},"2":{"name":"constructor","line":103,"loc":{"start":{"line":95,"column":4},"end":{"line":114,"column":4}}},"3":{"name":"totalAssets","line":121,"loc":{"start":{"line":121,"column":4},"end":{"line":123,"column":4}}},"4":{"name":"maxDeposit","line":126,"loc":{"start":{"line":126,"column":4},"end":{"line":131,"column":4}}},"5":{"name":"maxMint","line":134,"loc":{"start":{"line":134,"column":4},"end":{"line":139,"column":4}}},"6":{"name":"deposit","line":146,"loc":{"start":{"line":142,"column":4},"end":{"line":154,"column":4}}},"7":{"name":"mint","line":161,"loc":{"start":{"line":157,"column":4},"end":{"line":170,"column":4}}},"8":{"name":"maxWithdraw","line":173,"loc":{"start":{"line":173,"column":4},"end":{"line":179,"column":4}}},"9":{"name":"maxRedeem","line":182,"loc":{"start":{"line":182,"column":4},"end":{"line":188,"column":4}}},"10":{"name":"withdraw","line":194,"loc":{"start":{"line":191,"column":4},"end":{"line":199,"column":4}}},"11":{"name":"redeem","line":205,"loc":{"start":{"line":202,"column":4},"end":{"line":210,"column":4}}},"12":{"name":"agentBorrow","line":218,"loc":{"start":{"line":218,"column":4},"end":{"line":227,"column":4}}},"13":{"name":"agentReturn","line":231,"loc":{"start":{"line":231,"column":4},"end":{"line":254,"column":4}}},"14":{"name":"collectManagementFee","line":261,"loc":{"start":{"line":261,"column":4},"end":{"line":263,"column":4}}},"15":{"name":"setManagementFeeBps","line":266,"loc":{"start":{"line":266,"column":4},"end":{"line":273,"column":4}}},"16":{"name":"emergencyWithdraw","line":281,"loc":{"start":{"line":281,"column":4},"end":{"line":299,"column":4}}},"17":{"name":"setAgent","line":306,"loc":{"start":{"line":306,"column":4},"end":{"line":311,"column":4}}},"18":{"name":"setFeeRecipient","line":314,"loc":{"start":{"line":314,"column":4},"end":{"line":319,"column":4}}},"19":{"name":"setPerformanceFeeBps","line":322,"loc":{"start":{"line":322,"column":4},"end":{"line":325,"column":4}}},"20":{"name":"setMaxTotalAssets","line":328,"loc":{"start":{"line":328,"column":4},"end":{"line":332,"column":4}}},"21":{"name":"setMinLockTime","line":335,"loc":{"start":{"line":335,"column":4},"end":{"line":339,"column":4}}},"22":{"name":"pause","line":342,"loc":{"start":{"line":342,"column":4},"end":{"line":344,"column":4}}},"23":{"name":"unpause","line":347,"loc":{"start":{"line":347,"column":4},"end":{"line":349,"column":4}}},"24":{"name":"sharePrice","line":356,"loc":{"start":{"line":356,"column":4},"end":{"line":360,"column":4}}},"25":{"name":"availableAssets","line":363,"loc":{"start":{"line":363,"column":4},"end":{"line":365,"column":4}}},"26":{"name":"_enforceLockTime","line":371,"loc":{"start":{"line":371,"column":4},"end":{"line":376,"column":4}}},"27":{"name":"_collectPerformanceFee","line":378,"loc":{"start":{"line":378,"column":4},"end":{"line":405,"column":4}}},"28":{"name":"_collectManagementFeeInternal","line":407,"loc":{"start":{"line":407,"column":4},"end":{"line":436,"column":4}}}},"statementMap":{"1":{"start":{"line":83,"column":8},"end":{"line":83,"column":54}},"2":{"start":{"line":105,"column":8},"end":{"line":105,"column":54}},"3":{"start":{"line":106,"column":8},"end":{"line":106,"column":61}},"4":{"start":{"line":122,"column":8},"end":{"line":122,"column":71}},"5":{"start":{"line":127,"column":8},"end":{"line":127,"column":30}},"6":{"start":{"line":127,"column":22},"end":{"line":127,"column":30}},"7":{"start":{"line":128,"column":8},"end":{"line":128,"column":39}},"8":{"start":{"line":129,"column":8},"end":{"line":129,"column":47}},"9":{"start":{"line":129,"column":39},"end":{"line":129,"column":47}},"10":{"start":{"line":130,"column":8},"end":{"line":130,"column":39}},"11":{"start":{"line":135,"column":8},"end":{"line":135,"column":30}},"12":{"start":{"line":135,"column":22},"end":{"line":135,"column":30}},"13":{"start":{"line":136,"column":8},"end":{"line":136,"column":47}},"14":{"start":{"line":137,"column":8},"end":{"line":137,"column":33}},"15":{"start":{"line":137,"column":25},"end":{"line":137,"column":33}},"16":{"start":{"line":138,"column":8},"end":{"line":138,"column":38}},"17":{"start":{"line":149,"column":8},"end":{"line":149,"column":48}},"18":{"start":{"line":150,"column":8},"end":{"line":150,"column":75}},"19":{"start":{"line":153,"column":8},"end":{"line":153,"column":46}},"20":{"start":{"line":164,"column":8},"end":{"line":164,"column":44}},"21":{"start":{"line":165,"column":8},"end":{"line":165,"column":48}},"22":{"start":{"line":166,"column":8},"end":{"line":166,"column":75}},"23":{"start":{"line":169,"column":8},"end":{"line":169,"column":43}},"24":{"start":{"line":174,"column":8},"end":{"line":174,"column":50}},"25":{"start":{"line":175,"column":8},"end":{"line":175,"column":6873}},"26":{"start":{"line":176,"column":12},"end":{"line":176,"column":20}},"27":{"start":{"line":178,"column":8},"end":{"line":178,"column":40}},"28":{"start":{"line":183,"column":8},"end":{"line":183,"column":50}},"29":{"start":{"line":184,"column":8},"end":{"line":184,"column":7264}},"30":{"start":{"line":185,"column":12},"end":{"line":185,"column":20}},"31":{"start":{"line":187,"column":8},"end":{"line":187,"column":38}},"32":{"start":{"line":197,"column":8},"end":{"line":197,"column":31}},"33":{"start":{"line":198,"column":8},"end":{"line":198,"column":55}},"34":{"start":{"line":208,"column":8},"end":{"line":208,"column":31}},"35":{"start":{"line":209,"column":8},"end":{"line":209,"column":53}},"36":{"start":{"line":219,"column":8},"end":{"line":219,"column":44}},"37":{"start":{"line":220,"column":8},"end":{"line":220,"column":68}},"38":{"start":{"line":221,"column":8},"end":{"line":221,"column":82}},"39":{"start":{"line":224,"column":8},"end":{"line":224,"column":50}},"40":{"start":{"line":226,"column":8},"end":{"line":226,"column":49}},"41":{"start":{"line":232,"column":8},"end":{"line":232,"column":44}},"42":{"start":{"line":235,"column":8},"end":{"line":235,"column":38}},"43":{"start":{"line":238,"column":8},"end":{"line":238,"column":69}},"44":{"start":{"line":241,"column":8},"end":{"line":241,"column":9287}},"45":{"start":{"line":242,"column":12},"end":{"line":242,"column":51}},"46":{"start":{"line":246,"column":12},"end":{"line":246,"column":9490}},"47":{"start":{"line":247,"column":16},"end":{"line":247,"column":45}},"48":{"start":{"line":253,"column":8},"end":{"line":253,"column":49}},"49":{"start":{"line":262,"column":8},"end":{"line":262,"column":38}},"50":{"start":{"line":267,"column":8},"end":{"line":267,"column":54}},"51":{"start":{"line":269,"column":8},"end":{"line":269,"column":38}},"52":{"start":{"line":270,"column":8},"end":{"line":270,"column":41}},"53":{"start":{"line":271,"column":8},"end":{"line":271,"column":50}},"54":{"start":{"line":282,"column":8},"end":{"line":282,"column":46}},"55":{"start":{"line":283,"column":8},"end":{"line":283,"column":44}},"56":{"start":{"line":285,"column":8},"end":{"line":285,"column":48}},"57":{"start":{"line":288,"column":8},"end":{"line":288,"column":68}},"58":{"start":{"line":289,"column":8},"end":{"line":289,"column":11165}},"59":{"start":{"line":293,"column":8},"end":{"line":293,"column":32}},"60":{"start":{"line":294,"column":8},"end":{"line":294,"column":55}},"61":{"start":{"line":297,"column":8},"end":{"line":297,"column":73}},"62":{"start":{"line":298,"column":8},"end":{"line":298,"column":60}},"63":{"start":{"line":307,"column":8},"end":{"line":307,"column":54}},"64":{"start":{"line":308,"column":8},"end":{"line":308,"column":27}},"65":{"start":{"line":310,"column":8},"end":{"line":310,"column":38}},"66":{"start":{"line":315,"column":8},"end":{"line":315,"column":61}},"67":{"start":{"line":316,"column":8},"end":{"line":316,"column":34}},"68":{"start":{"line":318,"column":8},"end":{"line":318,"column":52}},"69":{"start":{"line":323,"column":8},"end":{"line":323,"column":44}},"70":{"start":{"line":329,"column":8},"end":{"line":329,"column":36}},"71":{"start":{"line":331,"column":8},"end":{"line":331,"column":45}},"72":{"start":{"line":336,"column":8},"end":{"line":336,"column":33}},"73":{"start":{"line":338,"column":8},"end":{"line":338,"column":47}},"74":{"start":{"line":343,"column":8},"end":{"line":343,"column":15}},"75":{"start":{"line":348,"column":8},"end":{"line":348,"column":17}},"76":{"start":{"line":357,"column":8},"end":{"line":357,"column":38}},"77":{"start":{"line":358,"column":8},"end":{"line":358,"column":35}},"78":{"start":{"line":358,"column":25},"end":{"line":358,"column":35}},"79":{"start":{"line":359,"column":8},"end":{"line":359,"column":45}},"80":{"start":{"line":364,"column":8},"end":{"line":364,"column":55}},"81":{"start":{"line":372,"column":8},"end":{"line":372,"column":50}},"82":{"start":{"line":373,"column":8},"end":{"line":373,"column":14121}},"83":{"start":{"line":379,"column":8},"end":{"line":379,"column":45}},"84":{"start":{"line":382,"column":8},"end":{"line":382,"column":29}},"85":{"start":{"line":383,"column":8},"end":{"line":383,"column":14480}},"86":{"start":{"line":386,"column":12},"end":{"line":386,"column":14660}},"87":{"start":{"line":391,"column":12},"end":{"line":391,"column":18}},"88":{"start":{"line":394,"column":8},"end":{"line":394,"column":38}},"89":{"start":{"line":394,"column":32},"end":{"line":394,"column":38}},"90":{"start":{"line":396,"column":8},"end":{"line":396,"column":71}},"91":{"start":{"line":397,"column":8},"end":{"line":397,"column":34}},"92":{"start":{"line":397,"column":28},"end":{"line":397,"column":34}},"93":{"start":{"line":400,"column":8},"end":{"line":400,"column":54}},"94":{"start":{"line":401,"column":8},"end":{"line":401,"column":15166}},"95":{"start":{"line":402,"column":12},"end":{"line":402,"column":41}},"96":{"start":{"line":403,"column":12},"end":{"line":403,"column":66}},"97":{"start":{"line":408,"column":8},"end":{"line":408,"column":15380}},"98":{"start":{"line":410,"column":12},"end":{"line":410,"column":18}},"99":{"start":{"line":413,"column":8},"end":{"line":413,"column":61}},"100":{"start":{"line":414,"column":8},"end":{"line":414,"column":32}},"101":{"start":{"line":414,"column":26},"end":{"line":414,"column":32}},"102":{"start":{"line":416,"column":8},"end":{"line":416,"column":44}},"103":{"start":{"line":417,"column":8},"end":{"line":417,"column":15642}},"104":{"start":{"line":419,"column":12},"end":{"line":419,"column":18}},"105":{"start":{"line":422,"column":8},"end":{"line":422,"column":92}},"106":{"start":{"line":425,"column":8},"end":{"line":425,"column":34}},"107":{"start":{"line":425,"column":28},"end":{"line":425,"column":34}},"108":{"start":{"line":427,"column":8},"end":{"line":427,"column":38}},"109":{"start":{"line":428,"column":8},"end":{"line":428,"column":31}},"110":{"start":{"line":428,"column":25},"end":{"line":428,"column":31}},"111":{"start":{"line":431,"column":8},"end":{"line":431,"column":54}},"112":{"start":{"line":432,"column":8},"end":{"line":432,"column":16112}},"113":{"start":{"line":433,"column":12},"end":{"line":433,"column":41}},"114":{"start":{"line":434,"column":12},"end":{"line":434,"column":61}}},"branchMap":{"1":{"line":83,"type":"if","locations":[{"start":{"line":83,"column":8},"end":{"line":83,"column":8}},{"start":{"line":83,"column":8},"end":{"line":83,"column":8}}]},"2":{"line":105,"type":"if","locations":[{"start":{"line":105,"column":8},"end":{"line":105,"column":8}},{"start":{"line":105,"column":8},"end":{"line":105,"column":8}}]},"3":{"line":106,"type":"if","locations":[{"start":{"line":106,"column":8},"end":{"line":106,"column":8}},{"start":{"line":106,"column":8},"end":{"line":106,"column":8}}]},"4":{"line":127,"type":"if","locations":[{"start":{"line":127,"column":8},"end":{"line":127,"column":8}},{"start":{"line":127,"column":8},"end":{"line":127,"column":8}}]},"5":{"line":129,"type":"if","locations":[{"start":{"line":129,"column":8},"end":{"line":129,"column":8}},{"start":{"line":129,"column":8},"end":{"line":129,"column":8}}]},"6":{"line":135,"type":"if","locations":[{"start":{"line":135,"column":8},"end":{"line":135,"column":8}},{"start":{"line":135,"column":8},"end":{"line":135,"column":8}}]},"7":{"line":137,"type":"if","locations":[{"start":{"line":137,"column":8},"end":{"line":137,"column":8}},{"start":{"line":137,"column":8},"end":{"line":137,"column":8}}]},"8":{"line":145,"type":"if","locations":[{"start":{"line":145,"column":8},"end":{"line":145,"column":8}},{"start":{"line":145,"column":8},"end":{"line":145,"column":8}}]},"9":{"line":146,"type":"if","locations":[{"start":{"line":146,"column":8},"end":{"line":146,"column":8}},{"start":{"line":146,"column":8},"end":{"line":146,"column":8}}]},"10":{"line":150,"type":"if","locations":[{"start":{"line":150,"column":8},"end":{"line":150,"column":8}},{"start":{"line":150,"column":8},"end":{"line":150,"column":8}}]},"11":{"line":160,"type":"if","locations":[{"start":{"line":160,"column":8},"end":{"line":160,"column":8}},{"start":{"line":160,"column":8},"end":{"line":160,"column":8}}]},"12":{"line":161,"type":"if","locations":[{"start":{"line":161,"column":8},"end":{"line":161,"column":8}},{"start":{"line":161,"column":8},"end":{"line":161,"column":8}}]},"13":{"line":166,"type":"if","locations":[{"start":{"line":166,"column":8},"end":{"line":166,"column":8}},{"start":{"line":166,"column":8},"end":{"line":166,"column":8}}]},"14":{"line":175,"type":"if","locations":[{"start":{"line":175,"column":8},"end":{"line":175,"column":8}},{"start":{"line":175,"column":8},"end":{"line":175,"column":8}}]},"15":{"line":184,"type":"if","locations":[{"start":{"line":184,"column":8},"end":{"line":184,"column":8}},{"start":{"line":184,"column":8},"end":{"line":184,"column":8}}]},"16":{"line":194,"type":"if","locations":[{"start":{"line":194,"column":8},"end":{"line":194,"column":8}},{"start":{"line":194,"column":8},"end":{"line":194,"column":8}}]},"17":{"line":205,"type":"if","locations":[{"start":{"line":205,"column":8},"end":{"line":205,"column":8}},{"start":{"line":205,"column":8},"end":{"line":205,"column":8}}]},"18":{"line":218,"type":"if","locations":[{"start":{"line":218,"column":50},"end":{"line":218,"column":50}},{"start":{"line":218,"column":50},"end":{"line":218,"column":50}}]},"19":{"line":218,"type":"if","locations":[{"start":{"line":218,"column":60},"end":{"line":218,"column":60}},{"start":{"line":218,"column":60},"end":{"line":218,"column":60}}]},"20":{"line":219,"type":"if","locations":[{"start":{"line":219,"column":8},"end":{"line":219,"column":8}},{"start":{"line":219,"column":8},"end":{"line":219,"column":8}}]},"21":{"line":221,"type":"if","locations":[{"start":{"line":221,"column":8},"end":{"line":221,"column":8}},{"start":{"line":221,"column":8},"end":{"line":221,"column":8}}]},"22":{"line":231,"type":"if","locations":[{"start":{"line":231,"column":50},"end":{"line":231,"column":50}},{"start":{"line":231,"column":50},"end":{"line":231,"column":50}}]},"23":{"line":231,"type":"if","locations":[{"start":{"line":231,"column":60},"end":{"line":231,"column":60}},{"start":{"line":231,"column":60},"end":{"line":231,"column":60}}]},"24":{"line":232,"type":"if","locations":[{"start":{"line":232,"column":8},"end":{"line":232,"column":8}},{"start":{"line":232,"column":8},"end":{"line":232,"column":8}}]},"25":{"line":241,"type":"if","locations":[{"start":{"line":241,"column":8},"end":{"line":241,"column":8}},{"start":{"line":241,"column":8},"end":{"line":241,"column":8}}]},"26":{"line":246,"type":"if","locations":[{"start":{"line":246,"column":12},"end":{"line":246,"column":12}},{"start":{"line":246,"column":12},"end":{"line":246,"column":12}}]},"27":{"line":266,"type":"if","locations":[{"start":{"line":266,"column":56},"end":{"line":266,"column":56}},{"start":{"line":266,"column":56},"end":{"line":266,"column":56}}]},"28":{"line":267,"type":"if","locations":[{"start":{"line":267,"column":8},"end":{"line":267,"column":8}},{"start":{"line":267,"column":8},"end":{"line":267,"column":8}}]},"29":{"line":281,"type":"if","locations":[{"start":{"line":281,"column":42},"end":{"line":281,"column":42}},{"start":{"line":281,"column":42},"end":{"line":281,"column":42}}]},"30":{"line":283,"type":"if","locations":[{"start":{"line":283,"column":8},"end":{"line":283,"column":8}},{"start":{"line":283,"column":8},"end":{"line":283,"column":8}}]},"31":{"line":289,"type":"if","locations":[{"start":{"line":289,"column":8},"end":{"line":289,"column":8}},{"start":{"line":289,"column":8},"end":{"line":289,"column":8}}]},"32":{"line":306,"type":"if","locations":[{"start":{"line":306,"column":47},"end":{"line":306,"column":47}},{"start":{"line":306,"column":47},"end":{"line":306,"column":47}}]},"33":{"line":307,"type":"if","locations":[{"start":{"line":307,"column":8},"end":{"line":307,"column":8}},{"start":{"line":307,"column":8},"end":{"line":307,"column":8}}]},"34":{"line":314,"type":"if","locations":[{"start":{"line":314,"column":61},"end":{"line":314,"column":61}},{"start":{"line":314,"column":61},"end":{"line":314,"column":61}}]},"35":{"line":315,"type":"if","locations":[{"start":{"line":315,"column":8},"end":{"line":315,"column":8}},{"start":{"line":315,"column":8},"end":{"line":315,"column":8}}]},"36":{"line":322,"type":"if","locations":[{"start":{"line":322,"column":57},"end":{"line":322,"column":57}},{"start":{"line":322,"column":57},"end":{"line":322,"column":57}}]},"37":{"line":323,"type":"if","locations":[{"start":{"line":323,"column":8},"end":{"line":323,"column":8}},{"start":{"line":323,"column":8},"end":{"line":323,"column":8}}]},"38":{"line":328,"type":"if","locations":[{"start":{"line":328,"column":54},"end":{"line":328,"column":54}},{"start":{"line":328,"column":54},"end":{"line":328,"column":54}}]},"39":{"line":335,"type":"if","locations":[{"start":{"line":335,"column":56},"end":{"line":335,"column":56}},{"start":{"line":335,"column":56},"end":{"line":335,"column":56}}]},"40":{"line":342,"type":"if","locations":[{"start":{"line":342,"column":30},"end":{"line":342,"column":30}},{"start":{"line":342,"column":30},"end":{"line":342,"column":30}}]},"41":{"line":347,"type":"if","locations":[{"start":{"line":347,"column":32},"end":{"line":347,"column":32}},{"start":{"line":347,"column":32},"end":{"line":347,"column":32}}]},"42":{"line":358,"type":"if","locations":[{"start":{"line":358,"column":8},"end":{"line":358,"column":8}},{"start":{"line":358,"column":8},"end":{"line":358,"column":8}}]},"43":{"line":373,"type":"if","locations":[{"start":{"line":373,"column":8},"end":{"line":373,"column":8}},{"start":{"line":373,"column":8},"end":{"line":373,"column":8}}]},"44":{"line":383,"type":"if","locations":[{"start":{"line":383,"column":8},"end":{"line":383,"column":8}},{"start":{"line":383,"column":8},"end":{"line":383,"column":8}}]},"45":{"line":386,"type":"if","locations":[{"start":{"line":386,"column":12},"end":{"line":386,"column":12}},{"start":{"line":386,"column":12},"end":{"line":386,"column":12}}]},"46":{"line":394,"type":"if","locations":[{"start":{"line":394,"column":8},"end":{"line":394,"column":8}},{"start":{"line":394,"column":8},"end":{"line":394,"column":8}}]},"47":{"line":397,"type":"if","locations":[{"start":{"line":397,"column":8},"end":{"line":397,"column":8}},{"start":{"line":397,"column":8},"end":{"line":397,"column":8}}]},"48":{"line":401,"type":"if","locations":[{"start":{"line":401,"column":8},"end":{"line":401,"column":8}},{"start":{"line":401,"column":8},"end":{"line":401,"column":8}}]},"49":{"line":408,"type":"if","locations":[{"start":{"line":408,"column":8},"end":{"line":408,"column":8}},{"start":{"line":408,"column":8},"end":{"line":408,"column":8}}]},"50":{"line":414,"type":"if","locations":[{"start":{"line":414,"column":8},"end":{"line":414,"column":8}},{"start":{"line":414,"column":8},"end":{"line":414,"column":8}}]},"51":{"line":417,"type":"if","locations":[{"start":{"line":417,"column":8},"end":{"line":417,"column":8}},{"start":{"line":417,"column":8},"end":{"line":417,"column":8}}]},"52":{"line":425,"type":"if","locations":[{"start":{"line":425,"column":8},"end":{"line":425,"column":8}},{"start":{"line":425,"column":8},"end":{"line":425,"column":8}}]},"53":{"line":428,"type":"if","locations":[{"start":{"line":428,"column":8},"end":{"line":428,"column":8}},{"start":{"line":428,"column":8},"end":{"line":428,"column":8}}]},"54":{"line":432,"type":"if","locations":[{"start":{"line":432,"column":8},"end":{"line":432,"column":8}},{"start":{"line":432,"column":8},"end":{"line":432,"column":8}}]}}},"contracts/DarwinVaultV4.sol":{"l":{"150":67,"151":66,"172":2,"173":2,"175":2,"176":2,"177":2,"178":2,"179":2,"180":2,"181":2,"182":2,"192":134,"201":369,"206":133,"207":133,"208":133,"209":133,"214":1,"215":1,"216":1,"217":1,"228":66,"229":66,"231":65,"232":65,"243":1,"244":1,"245":1,"247":1,"248":1,"253":3,"254":3,"255":1,"257":2,"262":12,"263":12,"264":1,"266":11,"276":0,"277":0,"287":10,"288":8,"298":44,"299":43,"300":43,"303":42,"304":42,"305":42,"306":42,"307":42,"310":38,"313":38,"315":38,"317":38,"323":22,"326":21,"329":21,"332":21,"333":16,"334":16,"337":16,"340":16,"341":12,"344":5,"347":21,"356":9,"361":8,"362":7,"363":7,"364":7,"369":6,"370":5,"371":1,"374":4,"375":4,"376":4,"377":4,"378":4,"379":4,"384":2,"385":1,"386":1,"387":1,"388":1,"400":12,"401":12,"403":11,"404":11,"406":11,"408":2,"409":2,"411":2,"412":2,"415":7,"416":7,"417":6,"418":6,"420":6,"421":6,"432":8,"433":7,"434":7,"435":7,"440":4,"441":3,"442":1,"444":2,"445":2,"446":2,"447":2,"448":2,"453":2,"454":1,"455":1,"456":1,"457":1,"466":4,"467":3,"468":3,"469":3,"474":2,"475":2,"476":1,"478":1,"479":1,"480":1,"481":1,"482":1,"487":1,"488":1,"489":1,"490":1,"491":1,"500":6,"501":5,"502":5,"503":5,"508":3,"509":2,"510":1,"512":1,"513":1,"514":1,"515":1,"516":1,"521":2,"522":1,"523":1,"524":1,"525":1,"530":0,"531":0,"532":0,"537":2,"538":1,"539":1,"540":1,"545":4,"546":3,"547":3,"548":3,"553":1,"554":1,"555":1,"561":10,"562":8,"563":8,"565":6,"566":6,"567":6,"569":6,"574":4,"579":0,"589":7,"590":7,"591":5,"596":1,"606":10,"607":10,"608":2,"615":12,"618":12,"619":12,"620":11,"622":11,"623":11,"625":11,"627":1,"630":11,"632":11,"633":11,"636":11,"637":11,"638":11,"639":11,"645":34,"646":0,"647":0,"650":34,"651":34,"653":34,"654":34,"655":4,"656":4,"659":30,"660":30,"662":30,"664":26,"665":26,"668":26,"669":26,"670":26,"671":26},"path":"/opt/murphy/darwinfi/contracts/DarwinVaultV4.sol","s":{"1":67,"2":2,"3":2,"4":134,"5":369,"6":133,"7":0,"8":133,"9":133,"10":0,"11":133,"12":1,"13":0,"14":1,"15":1,"16":0,"17":1,"18":66,"19":66,"20":65,"21":1,"22":1,"23":1,"24":1,"25":3,"26":3,"27":1,"28":2,"29":12,"30":12,"31":1,"32":11,"33":0,"34":0,"35":10,"36":8,"37":44,"38":43,"39":43,"40":42,"41":42,"42":42,"43":42,"44":42,"45":38,"46":38,"47":22,"48":21,"49":21,"50":21,"51":16,"52":16,"53":12,"54":21,"55":9,"56":8,"57":7,"58":6,"59":5,"60":4,"61":4,"62":4,"63":2,"64":1,"65":1,"66":12,"67":12,"68":11,"69":11,"70":11,"71":2,"72":2,"73":2,"74":2,"75":9,"76":7,"77":7,"78":6,"79":6,"80":6,"81":6,"82":8,"83":7,"84":4,"85":3,"86":2,"87":2,"88":2,"89":1,"90":1,"91":4,"92":3,"93":2,"94":2,"95":1,"96":1,"97":1,"98":1,"99":1,"100":6,"101":5,"102":3,"103":2,"104":1,"105":1,"106":2,"107":1,"108":1,"109":0,"110":0,"111":2,"112":1,"113":1,"114":4,"115":3,"116":3,"117":1,"118":1,"119":10,"120":8,"121":8,"122":6,"123":6,"124":4,"125":0,"126":7,"127":7,"128":2,"129":5,"130":1,"131":10,"132":10,"133":12,"134":12,"135":12,"136":11,"137":1,"138":11,"139":0,"140":11,"141":11,"142":0,"143":11,"144":11,"145":11,"146":11,"147":34,"148":0,"149":34,"150":34,"151":0,"152":34,"153":34,"154":4,"155":30,"156":30,"157":4,"158":26,"159":26,"160":0,"161":26,"162":26,"163":26,"164":26},"b":{"1":[1,66],"2":[0,2],"3":[0,2],"4":[0,133],"5":[0,133],"6":[0,1],"7":[0,1],"8":[67,0],"9":[66,1],"10":[1,65],"11":[1,0],"12":[1,0],"13":[0,1],"14":[1,2],"15":[1,11],"16":[0,0],"17":[10,0],"18":[44,1],"19":[44,0],"20":[1,43],"21":[1,42],"22":[42,0],"23":[4,38],"24":[22,0],"25":[22,0],"26":[1,21],"27":[16,5],"28":[12,4],"29":[8,1],"30":[7,1],"31":[6,0],"32":[1,5],"33":[1,4],"34":[2,0],"35":[1,1],"36":[12,0],"37":[1,11],"38":[2,9],"39":[7,2],"40":[1,6],"41":[8,1],"42":[1,7],"43":[4,0],"44":[1,3],"45":[1,2],"46":[2,0],"47":[1,1],"48":[4,0],"49":[1,3],"50":[2,0],"51":[0,2],"52":[1,1],"53":[1,0],"54":[0,1],"55":[6,1],"56":[5,1],"57":[3,0],"58":[1,2],"59":[1,1],"60":[2,0],"61":[1,1],"62":[0,1],"63":[2,0],"64":[1,1],"65":[4,1],"66":[1,3],"67":[1,0],"68":[2,8],"69":[0,8],"70":[2,6],"71":[4,1],"72":[0,0],"73":[2,5],"74":[2,8],"75":[11,1],"76":[11,0],"77":[0,11],"78":[0,11],"79":[11,0],"80":[0,34],"81":[0,34],"82":[4,30],"83":[4,26],"84":[0,26],"85":[26,0]},"f":{"1":67,"2":2,"3":134,"4":369,"5":133,"6":1,"7":66,"8":1,"9":3,"10":12,"11":0,"12":10,"13":44,"14":22,"15":9,"16":8,"17":6,"18":2,"19":12,"20":8,"21":4,"22":2,"23":4,"24":2,"25":1,"26":6,"27":3,"28":2,"29":0,"30":2,"31":4,"32":1,"33":10,"34":4,"35":0,"36":7,"37":1,"38":10,"39":12,"40":34},"fnMap":{"1":{"name":"onlyAgent","line":149,"loc":{"start":{"line":149,"column":4},"end":{"line":152,"column":4}}},"2":{"name":"constructor","line":170,"loc":{"start":{"line":162,"column":4},"end":{"line":183,"column":4}}},"3":{"name":"_decimalsOffset","line":191,"loc":{"start":{"line":191,"column":4},"end":{"line":193,"column":4}}},"4":{"name":"totalAssets","line":200,"loc":{"start":{"line":200,"column":4},"end":{"line":202,"column":4}}},"5":{"name":"maxDeposit","line":205,"loc":{"start":{"line":205,"column":4},"end":{"line":210,"column":4}}},"6":{"name":"maxMint","line":213,"loc":{"start":{"line":213,"column":4},"end":{"line":218,"column":4}}},"7":{"name":"deposit","line":225,"loc":{"start":{"line":221,"column":4},"end":{"line":233,"column":4}}},"8":{"name":"mint","line":240,"loc":{"start":{"line":236,"column":4},"end":{"line":249,"column":4}}},"9":{"name":"maxWithdraw","line":252,"loc":{"start":{"line":252,"column":4},"end":{"line":258,"column":4}}},"10":{"name":"maxRedeem","line":261,"loc":{"start":{"line":261,"column":4},"end":{"line":267,"column":4}}},"11":{"name":"withdraw","line":273,"loc":{"start":{"line":270,"column":4},"end":{"line":278,"column":4}}},"12":{"name":"redeem","line":284,"loc":{"start":{"line":281,"column":4},"end":{"line":289,"column":4}}},"13":{"name":"agentBorrow","line":297,"loc":{"start":{"line":297,"column":4},"end":{"line":318,"column":4}}},"14":{"name":"agentReturn","line":322,"loc":{"start":{"line":322,"column":4},"end":{"line":348,"column":4}}},"15":{"name":"collectManagementFee","line":355,"loc":{"start":{"line":355,"column":4},"end":{"line":357,"column":4}}},"16":{"name":"setManagementFeeBps","line":360,"loc":{"start":{"line":360,"column":4},"end":{"line":365,"column":4}}},"17":{"name":"confirmManagementFeeBps","line":368,"loc":{"start":{"line":368,"column":4},"end":{"line":380,"column":4}}},"18":{"name":"cancelPendingManagementFeeBps","line":383,"loc":{"start":{"line":383,"column":4},"end":{"line":389,"column":4}}},"19":{"name":"emergencyWithdraw","line":399,"loc":{"start":{"line":399,"column":4},"end":{"line":424,"column":4}}},"20":{"name":"setAgent","line":431,"loc":{"start":{"line":431,"column":4},"end":{"line":436,"column":4}}},"21":{"name":"confirmAgent","line":439,"loc":{"start":{"line":439,"column":4},"end":{"line":449,"column":4}}},"22":{"name":"cancelPendingAgent","line":452,"loc":{"start":{"line":452,"column":4},"end":{"line":458,"column":4}}},"23":{"name":"setFeeRecipient","line":465,"loc":{"start":{"line":465,"column":4},"end":{"line":470,"column":4}}},"24":{"name":"confirmFeeRecipient","line":473,"loc":{"start":{"line":473,"column":4},"end":{"line":483,"column":4}}},"25":{"name":"cancelPendingFeeRecipient","line":486,"loc":{"start":{"line":486,"column":4},"end":{"line":492,"column":4}}},"26":{"name":"setPerformanceFeeBps","line":499,"loc":{"start":{"line":499,"column":4},"end":{"line":504,"column":4}}},"27":{"name":"confirmPerformanceFeeBps","line":507,"loc":{"start":{"line":507,"column":4},"end":{"line":517,"column":4}}},"28":{"name":"cancelPendingPerformanceFeeBps","line":520,"loc":{"start":{"line":520,"column":4},"end":{"line":526,"column":4}}},"29":{"name":"setMaxTotalAssets","line":529,"loc":{"start":{"line":529,"column":4},"end":{"line":533,"column":4}}},"30":{"name":"setMinLockTime","line":536,"loc":{"start":{"line":536,"column":4},"end":{"line":541,"column":4}}},"31":{"name":"setMaxBorrowRatioBps","line":544,"loc":{"start":{"line":544,"column":4},"end":{"line":549,"column":4}}},"32":{"name":"setMaxBorrowDuration","line":552,"loc":{"start":{"line":552,"column":4},"end":{"line":556,"column":4}}},"33":{"name":"writeOffBadDebt","line":560,"loc":{"start":{"line":560,"column":4},"end":{"line":570,"column":4}}},"34":{"name":"pause","line":573,"loc":{"start":{"line":573,"column":4},"end":{"line":575,"column":4}}},"35":{"name":"unpause","line":578,"loc":{"start":{"line":578,"column":4},"end":{"line":580,"column":4}}},"36":{"name":"sharePrice","line":588,"loc":{"start":{"line":588,"column":4},"end":{"line":592,"column":4}}},"37":{"name":"availableAssets","line":595,"loc":{"start":{"line":595,"column":4},"end":{"line":597,"column":4}}},"38":{"name":"_enforceLockTime","line":605,"loc":{"start":{"line":605,"column":4},"end":{"line":610,"column":4}}},"39":{"name":"_collectPerformanceFee","line":614,"loc":{"start":{"line":614,"column":4},"end":{"line":641,"column":4}}},"40":{"name":"_collectManagementFeeInternal","line":644,"loc":{"start":{"line":644,"column":4},"end":{"line":673,"column":4}}}},"statementMap":{"1":{"start":{"line":150,"column":8},"end":{"line":150,"column":54}},"2":{"start":{"line":172,"column":8},"end":{"line":172,"column":54}},"3":{"start":{"line":173,"column":8},"end":{"line":173,"column":61}},"4":{"start":{"line":192,"column":8},"end":{"line":192,"column":16}},"5":{"start":{"line":201,"column":8},"end":{"line":201,"column":71}},"6":{"start":{"line":206,"column":8},"end":{"line":206,"column":30}},"7":{"start":{"line":206,"column":22},"end":{"line":206,"column":30}},"8":{"start":{"line":207,"column":8},"end":{"line":207,"column":39}},"9":{"start":{"line":208,"column":8},"end":{"line":208,"column":47}},"10":{"start":{"line":208,"column":39},"end":{"line":208,"column":47}},"11":{"start":{"line":209,"column":8},"end":{"line":209,"column":39}},"12":{"start":{"line":214,"column":8},"end":{"line":214,"column":30}},"13":{"start":{"line":214,"column":22},"end":{"line":214,"column":30}},"14":{"start":{"line":215,"column":8},"end":{"line":215,"column":47}},"15":{"start":{"line":216,"column":8},"end":{"line":216,"column":33}},"16":{"start":{"line":216,"column":25},"end":{"line":216,"column":33}},"17":{"start":{"line":217,"column":8},"end":{"line":217,"column":38}},"18":{"start":{"line":228,"column":8},"end":{"line":228,"column":48}},"19":{"start":{"line":229,"column":8},"end":{"line":229,"column":75}},"20":{"start":{"line":232,"column":8},"end":{"line":232,"column":46}},"21":{"start":{"line":243,"column":8},"end":{"line":243,"column":44}},"22":{"start":{"line":244,"column":8},"end":{"line":244,"column":48}},"23":{"start":{"line":245,"column":8},"end":{"line":245,"column":75}},"24":{"start":{"line":248,"column":8},"end":{"line":248,"column":43}},"25":{"start":{"line":253,"column":8},"end":{"line":253,"column":50}},"26":{"start":{"line":254,"column":8},"end":{"line":254,"column":9995}},"27":{"start":{"line":255,"column":12},"end":{"line":255,"column":20}},"28":{"start":{"line":257,"column":8},"end":{"line":257,"column":40}},"29":{"start":{"line":262,"column":8},"end":{"line":262,"column":50}},"30":{"start":{"line":263,"column":8},"end":{"line":263,"column":10386}},"31":{"start":{"line":264,"column":12},"end":{"line":264,"column":20}},"32":{"start":{"line":266,"column":8},"end":{"line":266,"column":38}},"33":{"start":{"line":276,"column":8},"end":{"line":276,"column":31}},"34":{"start":{"line":277,"column":8},"end":{"line":277,"column":55}},"35":{"start":{"line":287,"column":8},"end":{"line":287,"column":31}},"36":{"start":{"line":288,"column":8},"end":{"line":288,"column":53}},"37":{"start":{"line":298,"column":8},"end":{"line":298,"column":44}},"38":{"start":{"line":299,"column":8},"end":{"line":299,"column":68}},"39":{"start":{"line":300,"column":8},"end":{"line":300,"column":82}},"40":{"start":{"line":303,"column":8},"end":{"line":303,"column":57}},"41":{"start":{"line":304,"column":8},"end":{"line":304,"column":44}},"42":{"start":{"line":305,"column":8},"end":{"line":305,"column":11851}},"43":{"start":{"line":306,"column":12},"end":{"line":306,"column":78}},"44":{"start":{"line":307,"column":12},"end":{"line":307,"column":113}},"45":{"start":{"line":315,"column":8},"end":{"line":315,"column":50}},"46":{"start":{"line":317,"column":8},"end":{"line":317,"column":49}},"47":{"start":{"line":323,"column":8},"end":{"line":323,"column":44}},"48":{"start":{"line":326,"column":8},"end":{"line":326,"column":38}},"49":{"start":{"line":329,"column":8},"end":{"line":329,"column":69}},"50":{"start":{"line":332,"column":8},"end":{"line":332,"column":12892}},"51":{"start":{"line":333,"column":12},"end":{"line":333,"column":51}},"52":{"start":{"line":340,"column":12},"end":{"line":340,"column":13195}},"53":{"start":{"line":341,"column":16},"end":{"line":341,"column":45}},"54":{"start":{"line":347,"column":8},"end":{"line":347,"column":49}},"55":{"start":{"line":356,"column":8},"end":{"line":356,"column":38}},"56":{"start":{"line":361,"column":8},"end":{"line":361,"column":54}},"57":{"start":{"line":364,"column":8},"end":{"line":364,"column":82}},"58":{"start":{"line":369,"column":8},"end":{"line":369,"column":75}},"59":{"start":{"line":370,"column":8},"end":{"line":370,"column":14349}},"60":{"start":{"line":374,"column":8},"end":{"line":374,"column":38}},"61":{"start":{"line":375,"column":8},"end":{"line":375,"column":41}},"62":{"start":{"line":379,"column":8},"end":{"line":379,"column":62}},"63":{"start":{"line":384,"column":8},"end":{"line":384,"column":75}},"64":{"start":{"line":385,"column":8},"end":{"line":385,"column":51}},"65":{"start":{"line":388,"column":8},"end":{"line":388,"column":56}},"66":{"start":{"line":400,"column":8},"end":{"line":400,"column":46}},"67":{"start":{"line":401,"column":8},"end":{"line":401,"column":44}},"68":{"start":{"line":403,"column":8},"end":{"line":403,"column":48}},"69":{"start":{"line":404,"column":8},"end":{"line":404,"column":68}},"70":{"start":{"line":406,"column":8},"end":{"line":406,"column":16066}},"71":{"start":{"line":408,"column":12},"end":{"line":408,"column":36}},"72":{"start":{"line":409,"column":12},"end":{"line":409,"column":59}},"73":{"start":{"line":411,"column":12},"end":{"line":411,"column":77}},"74":{"start":{"line":412,"column":12},"end":{"line":412,"column":64}},"75":{"start":{"line":413,"column":15},"end":{"line":413,"column":16422}},"76":{"start":{"line":415,"column":12},"end":{"line":415,"column":64}},"77":{"start":{"line":416,"column":12},"end":{"line":416,"column":62}},"78":{"start":{"line":417,"column":12},"end":{"line":417,"column":42}},"79":{"start":{"line":418,"column":12},"end":{"line":418,"column":62}},"80":{"start":{"line":420,"column":12},"end":{"line":420,"column":86}},"81":{"start":{"line":421,"column":12},"end":{"line":421,"column":73}},"82":{"start":{"line":432,"column":8},"end":{"line":432,"column":54}},"83":{"start":{"line":435,"column":8},"end":{"line":435,"column":73}},"84":{"start":{"line":440,"column":8},"end":{"line":440,"column":64}},"85":{"start":{"line":441,"column":8},"end":{"line":441,"column":17729}},"86":{"start":{"line":444,"column":8},"end":{"line":444,"column":32}},"87":{"start":{"line":448,"column":8},"end":{"line":448,"column":44}},"88":{"start":{"line":453,"column":8},"end":{"line":453,"column":64}},"89":{"start":{"line":454,"column":8},"end":{"line":454,"column":40}},"90":{"start":{"line":457,"column":8},"end":{"line":457,"column":45}},"91":{"start":{"line":466,"column":8},"end":{"line":466,"column":61}},"92":{"start":{"line":469,"column":8},"end":{"line":469,"column":87}},"93":{"start":{"line":474,"column":8},"end":{"line":474,"column":71}},"94":{"start":{"line":475,"column":8},"end":{"line":475,"column":19202}},"95":{"start":{"line":478,"column":8},"end":{"line":478,"column":43}},"96":{"start":{"line":482,"column":8},"end":{"line":482,"column":62}},"97":{"start":{"line":487,"column":8},"end":{"line":487,"column":71}},"98":{"start":{"line":488,"column":8},"end":{"line":488,"column":47}},"99":{"start":{"line":491,"column":8},"end":{"line":491,"column":52}},"100":{"start":{"line":500,"column":8},"end":{"line":500,"column":44}},"101":{"start":{"line":503,"column":8},"end":{"line":503,"column":83}},"102":{"start":{"line":508,"column":8},"end":{"line":508,"column":76}},"103":{"start":{"line":509,"column":8},"end":{"line":509,"column":20792}},"104":{"start":{"line":512,"column":8},"end":{"line":512,"column":42}},"105":{"start":{"line":516,"column":8},"end":{"line":516,"column":66}},"106":{"start":{"line":521,"column":8},"end":{"line":521,"column":76}},"107":{"start":{"line":522,"column":8},"end":{"line":522,"column":52}},"108":{"start":{"line":525,"column":8},"end":{"line":525,"column":57}},"109":{"start":{"line":530,"column":8},"end":{"line":530,"column":36}},"110":{"start":{"line":532,"column":8},"end":{"line":532,"column":45}},"111":{"start":{"line":537,"column":8},"end":{"line":537,"column":87}},"112":{"start":{"line":538,"column":8},"end":{"line":538,"column":33}},"113":{"start":{"line":540,"column":8},"end":{"line":540,"column":47}},"114":{"start":{"line":545,"column":8},"end":{"line":545,"column":96}},"115":{"start":{"line":546,"column":8},"end":{"line":546,"column":39}},"116":{"start":{"line":548,"column":8},"end":{"line":548,"column":53}},"117":{"start":{"line":553,"column":8},"end":{"line":553,"column":39}},"118":{"start":{"line":555,"column":8},"end":{"line":555,"column":53}},"119":{"start":{"line":561,"column":8},"end":{"line":561,"column":50}},"120":{"start":{"line":562,"column":8},"end":{"line":562,"column":56}},"121":{"start":{"line":563,"column":8},"end":{"line":563,"column":97}},"122":{"start":{"line":565,"column":8},"end":{"line":565,"column":38}},"123":{"start":{"line":569,"column":8},"end":{"line":569,"column":38}},"124":{"start":{"line":574,"column":8},"end":{"line":574,"column":15}},"125":{"start":{"line":579,"column":8},"end":{"line":579,"column":17}},"126":{"start":{"line":589,"column":8},"end":{"line":589,"column":38}},"127":{"start":{"line":590,"column":8},"end":{"line":590,"column":35}},"128":{"start":{"line":590,"column":25},"end":{"line":590,"column":35}},"129":{"start":{"line":591,"column":8},"end":{"line":591,"column":46}},"130":{"start":{"line":596,"column":8},"end":{"line":596,"column":55}},"131":{"start":{"line":606,"column":8},"end":{"line":606,"column":50}},"132":{"start":{"line":607,"column":8},"end":{"line":607,"column":24802}},"133":{"start":{"line":615,"column":8},"end":{"line":615,"column":45}},"134":{"start":{"line":618,"column":8},"end":{"line":618,"column":29}},"135":{"start":{"line":619,"column":8},"end":{"line":619,"column":25342}},"136":{"start":{"line":622,"column":12},"end":{"line":622,"column":25522}},"137":{"start":{"line":627,"column":12},"end":{"line":627,"column":18}},"138":{"start":{"line":630,"column":8},"end":{"line":630,"column":38}},"139":{"start":{"line":630,"column":32},"end":{"line":630,"column":38}},"140":{"start":{"line":632,"column":8},"end":{"line":632,"column":71}},"141":{"start":{"line":633,"column":8},"end":{"line":633,"column":34}},"142":{"start":{"line":633,"column":28},"end":{"line":633,"column":34}},"143":{"start":{"line":636,"column":8},"end":{"line":636,"column":54}},"144":{"start":{"line":637,"column":8},"end":{"line":637,"column":26028}},"145":{"start":{"line":638,"column":12},"end":{"line":638,"column":41}},"146":{"start":{"line":639,"column":12},"end":{"line":639,"column":66}},"147":{"start":{"line":645,"column":8},"end":{"line":645,"column":26353}},"148":{"start":{"line":647,"column":12},"end":{"line":647,"column":18}},"149":{"start":{"line":650,"column":8},"end":{"line":650,"column":61}},"150":{"start":{"line":651,"column":8},"end":{"line":651,"column":32}},"151":{"start":{"line":651,"column":26},"end":{"line":651,"column":32}},"152":{"start":{"line":653,"column":8},"end":{"line":653,"column":44}},"153":{"start":{"line":654,"column":8},"end":{"line":654,"column":26615}},"154":{"start":{"line":656,"column":12},"end":{"line":656,"column":18}},"155":{"start":{"line":659,"column":8},"end":{"line":659,"column":92}},"156":{"start":{"line":662,"column":8},"end":{"line":662,"column":34}},"157":{"start":{"line":662,"column":28},"end":{"line":662,"column":34}},"158":{"start":{"line":664,"column":8},"end":{"line":664,"column":38}},"159":{"start":{"line":665,"column":8},"end":{"line":665,"column":31}},"160":{"start":{"line":665,"column":25},"end":{"line":665,"column":31}},"161":{"start":{"line":668,"column":8},"end":{"line":668,"column":54}},"162":{"start":{"line":669,"column":8},"end":{"line":669,"column":27085}},"163":{"start":{"line":670,"column":12},"end":{"line":670,"column":41}},"164":{"start":{"line":671,"column":12},"end":{"line":671,"column":61}}},"branchMap":{"1":{"line":150,"type":"if","locations":[{"start":{"line":150,"column":8},"end":{"line":150,"column":8}},{"start":{"line":150,"column":8},"end":{"line":150,"column":8}}]},"2":{"line":172,"type":"if","locations":[{"start":{"line":172,"column":8},"end":{"line":172,"column":8}},{"start":{"line":172,"column":8},"end":{"line":172,"column":8}}]},"3":{"line":173,"type":"if","locations":[{"start":{"line":173,"column":8},"end":{"line":173,"column":8}},{"start":{"line":173,"column":8},"end":{"line":173,"column":8}}]},"4":{"line":206,"type":"if","locations":[{"start":{"line":206,"column":8},"end":{"line":206,"column":8}},{"start":{"line":206,"column":8},"end":{"line":206,"column":8}}]},"5":{"line":208,"type":"if","locations":[{"start":{"line":208,"column":8},"end":{"line":208,"column":8}},{"start":{"line":208,"column":8},"end":{"line":208,"column":8}}]},"6":{"line":214,"type":"if","locations":[{"start":{"line":214,"column":8},"end":{"line":214,"column":8}},{"start":{"line":214,"column":8},"end":{"line":214,"column":8}}]},"7":{"line":216,"type":"if","locations":[{"start":{"line":216,"column":8},"end":{"line":216,"column":8}},{"start":{"line":216,"column":8},"end":{"line":216,"column":8}}]},"8":{"line":224,"type":"if","locations":[{"start":{"line":224,"column":8},"end":{"line":224,"column":8}},{"start":{"line":224,"column":8},"end":{"line":224,"column":8}}]},"9":{"line":225,"type":"if","locations":[{"start":{"line":225,"column":8},"end":{"line":225,"column":8}},{"start":{"line":225,"column":8},"end":{"line":225,"column":8}}]},"10":{"line":229,"type":"if","locations":[{"start":{"line":229,"column":8},"end":{"line":229,"column":8}},{"start":{"line":229,"column":8},"end":{"line":229,"column":8}}]},"11":{"line":239,"type":"if","locations":[{"start":{"line":239,"column":8},"end":{"line":239,"column":8}},{"start":{"line":239,"column":8},"end":{"line":239,"column":8}}]},"12":{"line":240,"type":"if","locations":[{"start":{"line":240,"column":8},"end":{"line":240,"column":8}},{"start":{"line":240,"column":8},"end":{"line":240,"column":8}}]},"13":{"line":245,"type":"if","locations":[{"start":{"line":245,"column":8},"end":{"line":245,"column":8}},{"start":{"line":245,"column":8},"end":{"line":245,"column":8}}]},"14":{"line":254,"type":"if","locations":[{"start":{"line":254,"column":8},"end":{"line":254,"column":8}},{"start":{"line":254,"column":8},"end":{"line":254,"column":8}}]},"15":{"line":263,"type":"if","locations":[{"start":{"line":263,"column":8},"end":{"line":263,"column":8}},{"start":{"line":263,"column":8},"end":{"line":263,"column":8}}]},"16":{"line":273,"type":"if","locations":[{"start":{"line":273,"column":8},"end":{"line":273,"column":8}},{"start":{"line":273,"column":8
[...]
:521,"column":8},"end":{"line":521,"column":8}}]},"62":{"line":529,"type":"if","locations":[{"start":{"line":529,"column":54},"end":{"line":529,"column":54}},{"start":{"line":529,"column":54},"end":{"line":529,"column":54}}]},"63":{"line":536,"type":"if","locations":[{"start":{"line":536,"column":56},"end":{"line":536,"column":56}},{"start":{"line":536,"column":56},"end":{"line":536,"column":56}}]},"64":{"line":537,"type":"if","locations":[{"start":{"line":537,"column":8},"end":{"line":537,"column":8}},{"start":{"line":537,"column":8},"end":{"line":537,"column":8}}]},"65":{"line":544,"type":"if","locations":[{"start":{"line":544,"column":62},"end":{"line":544,"column":62}},{"start":{"line":544,"column":62},"end":{"line":544,"column":62}}]},"66":{"line":545,"type":"if","locations":[{"start":{"line":545,"column":8},"end":{"line":545,"column":8}},{"start":{"line":545,"column":8},"end":{"line":545,"column":8}}]},"67":{"line":552,"type":"if","locations":[{"start":{"line":552,"column":62},"end":{"line":552,"column":62}},{"start":{"line":552,"column":62},"end":{"line":552,"column":62}}]},"68":{"line":561,"type":"if","locations":[{"start":{"line":561,"column":8},"end":{"line":561,"column":8}},{"start":{"line":561,"column":8},"end":{"line":561,"column":8}}]},"69":{"line":562,"type":"if","locations":[{"start":{"line":562,"column":8},"end":{"line":562,"column":8}},{"start":{"line":562,"column":8},"end":{"line":562,"column":8}}]},"70":{"line":563,"type":"if","locations":[{"start":{"line":563,"column":8},"end":{"line":563,"column":8}},{"start":{"line":563,"column":8},"end":{"line":563,"column":8}}]},"71":{"line":573,"type":"if","locations":[{"start":{"line":573,"column":30},"end":{"line":573,"column":30}},{"start":{"line":573,"column":30},"end":{"line":573,"column":30}}]},"72":{"line":578,"type":"if","locations":[{"start":{"line":578,"column":32},"end":{"line":578,"column":32}},{"start":{"line":578,"column":32},"end":{"line":578,"column":32}}]},"73":{"line":590,"type":"if","locations":[{"start":{"line":590,"column":8},"end":{"line":590,"column":8}},{"start":{"line":590,"column":8},"end":{"line":590,"column":8}}]},"74":{"line":607,"type":"if","locations":[{"start":{"line":607,"column":8},"end":{"line":607,"column":8}},{"start":{"line":607,"column":8},"end":{"line":607,"column":8}}]},"75":{"line":619,"type":"if","locations":[{"start":{"line":619,"column":8},"end":{"line":619,"column":8}},{"start":{"line":619,"column":8},"end":{"line":619,"column":8}}]},"76":{"line":622,"type":"if","locations":[{"start":{"line":622,"column":12},"end":{"line":622,"column":12}},{"start":{"line":622,"column":12},"end":{"line":622,"column":12}}]},"77":{"line":630,"type":"if","locations":[{"start":{"line":630,"column":8},"end":{"line":630,"column":8}},{"start":{"line":630,"column":8},"end":{"line":630,"column":8}}]},"78":{"line":633,"type":"if","locations":[{"start":{"line":633,"column":8},"end":{"line":633,"column":8}},{"start":{"line":633,"column":8},"end":{"line":633,"column":8}}]},"79":{"line":637,"type":"if","locations":[{"start":{"line":637,"column":8},"end":{"line":637,"column":8}},{"start":{"line":637,"column":8},"end":{"line":637,"column":8}}]},"80":{"line":645,"type":"if","locations":[{"start":{"line":645,"column":8},"end":{"line":645,"column":8}},{"start":{"line":645,"column":8},"end":{"line":645,"column":8}}]},"81":{"line":651,"type":"if","locations":[{"start":{"line":651,"column":8},"end":{"line":651,"column":8}},{"start":{"line":651,"column":8},"end":{"line":651,"column":8}}]},"82":{"line":654,"type":"if","locations":[{"start":{"line":654,"column":8},"end":{"line":654,"column":8}},{"start":{"line":654,"column":8},"end":{"line":654,"column":8}}]},"83":{"line":662,"type":"if","locations":[{"start":{"line":662,"column":8},"end":{"line":662,"column":8}},{"start":{"line":662,"column":8},"end":{"line":662,"column":8}}]},"84":{"line":665,"type":"if","locations":[{"start":{"line":665,"column":8},"end":{"line":665,"column":8}},{"start":{"line":665,"column":8},"end":{"line":665,"column":8}}]},"85":{"line":669,"type":"if","locations":[{"start":{"line":669,"column":8},"end":{"line":669,"column":8}},{"start":{"line":669,"column":8},"end":{"line":669,"column":8}}]}}},"contracts/PerformanceLog.sol":{"l":{"98":0,"99":0,"108":0,"120":0,"121":0,"122":0,"138":0,"139":0,"140":0,"141":0,"144":0,"161":0,"162":0,"169":0,"170":0,"176":0,"177":0,"178":0,"194":0,"195":0,"226":0,"227":0,"228":0,"229":0,"230":0,"238":0},"path":"/opt/murphy/darwinfi/contracts/PerformanceLog.sol","s":{"1":0,"2":0,"3":0,"4":0,"5":0,"6":0,"7":0,"8":0,"9":0,"10":0},"b":{"1":[0,0],"2":[0,0],"3":[0,0],"4":[0,0],"5":[0,0],"6":[0,0],"7":[0,0],"8":[0,0],"9":[0,0],"10":[0,0]},"f":{"1":0,"2":0,"3":0,"4":0,"5":0,"6":0,"7":0,"8":0,"9":0,"10":0},"fnMap":{"1":{"name":"onlyLogger","line":97,"loc":{"start":{"line":97,"column":4},"end":{"line":100,"column":4}}},"2":{"name":"constructor","line":107,"loc":{"start":{"line":107,"column":4},"end":{"line":110,"column":4}}},"3":{"name":"setLogger","line":119,"loc":{"start":{"line":119,"column":4},"end":{"line":123,"column":4}}},"4":{"name":"logTradeResult","line":137,"loc":{"start":{"line":133,"column":4},"end":{"line":151,"column":4}}},"5":{"name":"logPromotion","line":160,"loc":{"start":{"line":160,"column":4},"end":{"line":163,"column":4}}},"6":{"name":"logDemotion","line":168,"loc":{"start":{"line":168,"column":4},"end":{"line":171,"column":4}}},"7":{"name":"advanceGeneration","line":175,"loc":{"start":{"line":175,"column":4},"end":{"line":179,"column":4}}},"8":{"name":"recordGenomeHash","line":193,"loc":{"start":{"line":189,"column":4},"end":{"line":202,"column":4}}},"9":{"name":"getStrategyStats","line":215,"loc":{"start":{"line":215,"column":4},"end":{"line":231,"column":4}}},"10":{"name":"verifyGenomeHash","line":237,"loc":{"start":{"line":237,"column":4},"end":{"line":239,"column":4}}}},"statementMap":{"1":{"start":{"line":98,"column":8},"end":{"line":98,"column":90}},"2":{"start":{"line":120,"column":8},"end":{"line":120,"column":54}},"3":{"start":{"line":122,"column":8},"end":{"line":122,"column":46}},"4":{"start":{"line":140,"column":8},"end":{"line":140,"column":5216}},"5":{"start":{"line":144,"column":8},"end":{"line":144,"column":5291}},"6":{"start":{"line":162,"column":8},"end":{"line":162,"column":85}},"7":{"start":{"line":170,"column":8},"end":{"line":170,"column":84}},"8":{"start":{"line":176,"column":8},"end":{"line":176,"column":42}},"9":{"start":{"line":178,"column":8},"end":{"line":178,"column":75}},"10":{"start":{"line":195,"column":8},"end":{"line":195,"column":7505}}},"branchMap":{"1":{"line":98,"type":"if","locations":[{"start":{"line":98,"column":8},"end":{"line":98,"column":8}},{"start":{"line":98,"column":8},"end":{"line":98,"column":8}}]},"2":{"line":119,"type":"if","locations":[{"start":{"line":119,"column":65},"end":{"line":119,"column":65}},{"start":{"line":119,"column":65},"end":{"line":119,"column":65}}]},"3":{"line":120,"type":"if","locations":[{"start":{"line":120,"column":8},"end":{"line":120,"column":8}},{"start":{"line":120,"column":8},"end":{"line":120,"column":8}}]},"4":{"line":137,"type":"if","locations":[{"start":{"line":137,"column":15},"end":{"line":137,"column":15}},{"start":{"line":137,"column":15},"end":{"line":137,"column":15}}]},"5":{"line":140,"type":"if","locations":[{"start":{"line":140,"column":8},"end":{"line":140,"column":8}},{"start":{"line":140,"column":8},"end":{"line":140,"column":8}}]},"6":{"line":160,"type":"if","locations":[{"start":{"line":160,"column":79},"end":{"line":160,"column":79}},{"start":{"line":160,"column":79},"end":{"line":160,"column":79}}]},"7":{"line":168,"type":"if","locations":[{"start":{"line":168,"column":78},"end":{"line":168,"column":78}},{"start":{"line":168,"column":78},"end":{"line":168,"column":78}}]},"8":{"line":175,"type":"if","locations":[{"start":{"line":175,"column":42},"end":{"line":175,"column":42}},{"start":{"line":175,"column":42},"end":{"line":175,"column":42}}]},"9":{"line":193,"type":"if","locations":[{"start":{"line":193,"column":15},"end":{"line":193,"column":15}},{"start":{"line":193,"column":15},"end":{"line":193,"column":15}}]},"10":{"line":230,"type":"if","locations":[{"start":{"line":230,"column":35},"end":{"line":230,"column":65}},{"start":{"line":230,"column":69},"end":{"line":230,"column":69}}]}}},"contracts/StrategyExecutor.sol":{"l":{"105":6,"106":5,"117":1,"118":1,"119":1,"128":0,"129":0,"130":0,"131":0,"136":0,"137":0,"138":0,"139":0,"145":13,"146":12,"147":12,"148":12,"153":5,"154":4,"155":1,"157":3,"158":3,"159":3,"160":3,"161":3,"166":3,"167":2,"168":2,"169":2,"170":2,"195":5,"196":5,"199":5,"200":5,"203":2,"206":2,"209":2,"220":2,"223":0,"224":0,"227":0,"228":0,"248":0,"249":0,"250":0,"251":0,"258":0,"259":0,"260":0,"261":0,"262":0},"path":"/opt/murphy/darwinfi/contracts/StrategyExecutor.sol","s":{"1":6,"2":1,"3":0,"4":0,"5":0,"6":0,"7":0,"8":0,"9":13,"10":12,"11":5,"12":4,"13":3,"14":3,"15":3,"16":2,"17":2,"18":5,"19":5,"20":5,"21":5,"22":2,"23":2,"24":2,"25":0,"26":0,"27":0,"28":0,"29":0,"30":0,"31":0,"32":0,"33":0,"34":0,"35":0,"36":0,"37":0},"b":{"1":[1,5],"2":[0,1],"3":[0,0],"4":[0,0],"5":[0,0],"6":[0,0],"7":[0,0],"8":[13,1],"9":[1,12],"10":[5,1],"11":[1,4],"12":[1,3],"13":[3,1],"14":[1,2],"15":[5,1],"16":[5,0],"17":[0,5],"18":[0,5],"19":[0,0],"20":[3,2],"21":[0,0],"22":[0,0],"23":[0,0],"24":[0,0],"25":[0,0],"26":[0,0],"27":[0,0]},"f":{"1":6,"2":1,"3":0,"4":0,"5":13,"6":5,"7":3,"8":5,"9":0,"10":0},"fnMap":{"1":{"name":"onlyAgent","line":104,"loc":{"start":{"line":104,"column":4},"end":{"line":107,"column":4}}},"2":{"name":"constructor","line":116,"loc":{"start":{"line":116,"column":4},"end":{"line":120,"column":4}}},"3":{"name":"setVault","line":127,"loc":{"start":{"line":127,"column":4},"end":{"line":132,"column":4}}},"4":{"name":"setAgent","line":135,"loc":{"start":{"line":135,"column":4},"end":{"line":140,"column":4}}},"5":{"name":"setMaxSlippage","line":144,"loc":{"start":{"line":144,"column":4},"end":{"line":149,"column":4}}},"6":{"name":"confirmMaxSlippage","line":152,"loc":{"start":{"line":152,"column":4},"end":{"line":162,"column":4}}},"7":{"name":"cancelPendingMaxSlippage","line":165,"loc":{"start":{"line":165,"column":4},"end":{"line":171,"column":4}}},"8":{"name":"executeTrade","line":194,"loc":{"start":{"line":186,"column":4},"end":{"line":238,"column":4}}},"9":{"name":"recoverToken","line":247,"loc":{"start":{"line":247,"column":4},"end":{"line":253,"column":4}}},"10":{"name":"recoverETH","line":257,"loc":{"start":{"line":257,"column":4},"end":{"line":264,"column":4}}}},"statementMap":{"1":{"start":{"line":105,"column":8},"end":{"line":105,"column":54}},"2":{"start":{"line":117,"column":8},"end":{"line":117,"column":78}},"3":{"start":{"line":128,"column":8},"end":{"line":128,"column":54}},"4":{"start":{"line":129,"column":8},"end":{"line":129,"column":27}},"5":{"start":{"line":131,"column":8},"end":{"line":131,"column":38}},"6":{"start":{"line":136,"column":8},"end":{"line":136,"column":54}},"7":{"start":{"line":137,"column":8},"end":{"line":137,"column":27}},"8":{"start":{"line":139,"column":8},"end":{"line":139,"column":38}},"9":{"start":{"line":145,"column":8},"end":{"line":145,"column":91}},"10":{"start":{"line":148,"column":8},"end":{"line":148,"column":77}},"11":{"start":{"line":153,"column":8},"end":{"line":153,"column":73}},"12":{"start":{"line":154,"column":8},"end":{"line":154,"column":5946}},"13":{"start":{"line":157,"column":8},"end":{"line":157,"column":39}},"14":{"start":{"line":161,"column":8},"end":{"line":161,"column":57}},"15":{"start":{"line":166,"column":8},"end":{"line":166,"column":73}},"16":{"start":{"line":167,"column":8},"end":{"line":167,"column":49}},"17":{"start":{"line":170,"column":8},"end":{"line":170,"column":51}},"18":{"start":{"line":195,"column":8},"end":{"line":195,"column":46}},"19":{"start":{"line":196,"column":8},"end":{"line":196,"column":81}},"20":{"start":{"line":199,"column":8},"end":{"line":199,"column":75}},"21":{"start":{"line":200,"column":8},"end":{"line":200,"column":96}},"22":{"start":{"line":203,"column":8},"end":{"line":203,"column":83}},"23":{"start":{"line":206,"column":8},"end":{"line":206,"column":58}},"24":{"start":{"line":209,"column":8},"end":{"line":209,"column":8570}},"25":{"start":{"line":223,"column":8},"end":{"line":223,"column":54}},"26":{"start":{"line":224,"column":8},"end":{"line":224,"column":74}},"27":{"start":{"line":227,"column":8},"end":{"line":227,"column":38}},"28":{"start":{"line":228,"column":8},"end":{"line":228,"column":9306}},"29":{"start":{"line":248,"column":8},"end":{"line":248,"column":50}},"30":{"start":{"line":249,"column":8},"end":{"line":249,"column":60}},"31":{"start":{"line":250,"column":8},"end":{"line":250,"column":10051}},"32":{"start":{"line":251,"column":12},"end":{"line":251,"column":46}},"33":{"start":{"line":258,"column":8},"end":{"line":258,"column":50}},"34":{"start":{"line":259,"column":8},"end":{"line":259,"column":43}},"35":{"start":{"line":260,"column":8},"end":{"line":260,"column":10399}},"36":{"start":{"line":261,"column":12},"end":{"line":261,"column":53}},"37":{"start":{"line":262,"column":12},"end":{"line":262,"column":45}}},"branchMap":{"1":{"line":105,"type":"if","locations":[{"start":{"line":105,"column":8},"end":{"line":105,"column":8}},{"start":{"line":105,"column":8},"end":{"line":105,"column":8}}]},"2":{"line":117,"type":"if","locations":[{"start":{"line":117,"column":8},"end":{"line":117,"column":8}},{"start":{"line":117,"column":8},"end":{"line":117,"column":8}}]},"3":{"line":117,"type":"cond-expr","locations":[{"start":{"line":117,"column":12},"end":{"line":117,"column":31}},{"start":{"line":117,"column":36},"end":{"line":117,"column":55}}]},"4":{"line":127,"type":"if","locations":[{"start":{"line":127,"column":47},"end":{"line":127,"column":47}},{"start":{"line":127,"column":47},"end":{"line":127,"column":47}}]},"5":{"line":128,"type":"if","locations":[{"start":{"line":128,"column":8},"end":{"line":128,"column":8}},{"start":{"line":128,"column":8},"end":{"line":128,"column":8}}]},"6":{"line":135,"type":"if","locations":[{"start":{"line":135,"column":47},"end":{"line":135,"column":47}},{"start":{"line":135,"column":47},"end":{"line":135,"column":47}}]},"7":{"line":136,"type":"if","locations":[{"start":{"line":136,"column":8},"end":{"line":136,"column":8}},{"start":{"line":136,"column":8},"end":{"line":136,"column":8}}]},"8":{"line":144,"type":"if","locations":[{"start":{"line":144,"column":51},"end":{"line":144,"column":51}},{"start":{"line":144,"column":51},"end":{"line":144,"column":51}}]},"9":{"line":145,"type":"if","locations":[{"start":{"line":145,"column":8},"end":{"line":145,"column":8}},{"start":{"line":145,"column":8},"end":{"line":145,"column":8}}]},"10":{"line":152,"type":"if","locations":[{"start":{"line":152,"column":43},"end":{"line":152,"column":43}},{"start":{"line":152,"column":43},"end":{"line":152,"column":43}}]},"11":{"line":153,"type":"if","locations":[{"start":{"line":153,"column":8},"end":{"line":153,"column":8}},{"start":{"line":153,"column":8},"end":{"line":153,"column":8}}]},"12":{"line":154,"type":"if","locations":[{"start":{"line":154,"column":8},"end":{"line":154,"column":8}},{"start":{"line":154,"column":8},"end":{"line":154,"column":8}}]},"13":{"line":165,"type":"if","locations":[{"start":{"line":165,"column":49},"end":{"line":165,"column":49}},{"start":{"line":165,"column":49},"end":{"line":165,"column":49}}]},"14":{"line":166,"type":"if","locations":[{"start":{"line":166,"column":8},"end":{"line":166,"column":8}},{"start":{"line":166,"column":8},"end":{"line":166,"column":8}}]},"15":{"line":194,"type":"if","locations":[{"start":{"line":194,"column":15},"end":{"line":194,"column":15}},{"start":{"line":194,"column":15},"end":{"line":194,"column":15}}]},"16":{"line":194,"type":"if","locations":[{"start":{"line":194,"column":25},"end":{"line":194,"column":25}},{"start":{"line":194,"column":25},"end":{"line":194,"column":25}}]},"17":{"line":195,"type":"if","locations":[{"start":{"line":195,"column":8},"end":{"line":195,"column":8}},{"start":{"line":195,"column":8},"end":{"line":195,"column":8}}]},"18":{"line":196,"type":"if","locations":[{"start":{"line":196,"column":8},"end":{"line":196,"column":8}},{"start":{"line":196,"column":8},"end":{"line":196,"column":8}}]},"19":{"line":196,"type":"cond-expr","locations":[{"start":{"line":196,"column":12},"end":{"line":196,"column":32}},{"start":{"line":196,"column":37},"end":{"line":196,"column":58}}]},"20":{"line":200,"type":"if","locations":[{"start":{"line":200,"column":8},"end":{"line":200,"column":8}},{"start":{"line":200,"column":8},"end":{"line":200,"column":8}}]},"21":{"line":247,"type":"if","locations":[{"start":{"line":247,"column":62},"end":{"line":247,"column":62}},{"start":{"line":247,"column":62},"end":{"line":247,"column":62}}]},"22":{"line":248,"type":"if","locations":[{"start":{"line":248,"column":8},"end":{"line":248,"column":8}},{"start":{"line":248,"column":8},"end":{"line":248,"column":8}}]},"23":{"line":250,"type":"if","locations":[{"start":{"line":250,"column":8},"end":{"line":250,"column":8}},{"start":{"line":250,"column":8},"end":{"line":250,"column":8}}]},"24":{"line":257,"type":"if","locations":[{"start":{"line":257,"column":53},"end":{"line":257,"column":53}},{"start":{"line":257,"column":53},"end":{"line":257,"column":53}}]},"25":{"line":258,"type":"if","locations":[{"start":{"line":258,"column":8},"end":{"line":258,"column":8}},{"start":{"line":258,"column":8},"end":{"line":258,"column":8}}]},"26":{"line":260,"type":"if","locations":[{"start":{"line":260,"column":8},"end":{"line":260,"column":8}},{"start":{"line":260,"column":8},"end":{"line":260,"column":8}}]},"27":{"line":262,"type":"if","locations":[{"start":{"line":262,"column":12},"end":{"line":262,"column":12}},{"start":{"line":262,"column":12},"end":{"line":262,"column":12}}]}}},"contracts/test/MockERC20.sol":{"l":{"11":48,"15":46,"19":151},"path":"/opt/murphy/darwinfi/contracts/test/MockERC20.sol","s":{"1":46,"2":151},"b":{},"f":{"1":48,"2":46,"3":151},"fnMap":{"1":{"name":"constructor","line":10,"loc":{"start":{"line":10,"column":4},"end":{"line":12,"column":4}}},"2":{"name":"decimals","line":14,"loc":{"start":{"line":14,"column":4},"end":{"line":16,"column":4}}},"3":{"name":"mint","line":18,"loc":{"start":{"line":18,"column":4},"end":{"line":20,"column":4}}}},"statementMap":{"1":{"start":{"line":15,"column":8},"end":{"line":15,"column":24}},"2":{"start":{"line":19,"column":8},"end":{"line":19,"column":24}}},"branchMap":{}},"contracts/test/MockSwapRouter.sol":{"l":{"16":0,"17":0,"32":0,"34":0,"35":0,"36":0},"path":"/opt/murphy/darwinfi/contracts/test/MockSwapRouter.sol","s":{"1":0,"2":0,"3":0,"4":0},"b":{"1":[0,0]},"f":{"1":0,"2":0},"fnMap":{"1":{"name":"setOutput","line":15,"loc":{"start":{"line":15,"column":4},"end":{"line":18,"column":4}}},"2":{"name":"exactInputSingle","line":30,"loc":{"start":{"line":30,"column":4},"end":{"line":37,"column":4}}}},"statementMap":{"1":{"start":{"line":32,"column":8},"end":{"line":32,"column":90}},"2":{"start":{"line":34,"column":8},"end":{"line":34,"column":79}},"3":{"start":{"line":35,"column":8},"end":{"line":35,"column":66}},"4":{"start":{"line":36,"column":8},"end":{"line":36,"column":18}}},"branchMap":{"1":{"line":34,"type":"if","locations":[{"start":{"line":34,"column":41},"end":{"line":34,"column":52}},{"start":{"line":34,"column":56},"end":{"line":34,"column":78}}]}}},"contracts/test/MockVault.sol":{"l":{"12":2,"16":0},"path":"/opt/murphy/darwinfi/contracts/test/MockVault.sol","s":{"1":2,"2":0},"b":{},"f":{"1":2,"2":0},"fnMap":{"1":{"name":"spendToken","line":11,"loc":{"start":{"line":11,"column":4},"end":{"line":13,"column":4}}},"2":{"name":"returnProceeds","line":15,"loc":{"start":{"line":15,"column":4},"end":{"line":17,"column":4}}}},"statementMap":{"1":{"start":{"line":12,"column":8},"end":{"line":12,"column":52}},"2":{"start":{"line":16,"column":8},"end":{"line":16,"column":72}}},"branchMap":{}}}